stty: : No such device or address
stty: : No such device or address
stty: : No such device or address
...
Starting NWO Plots at: Wed Sep 29 08:11:01 CDT 2021
...
:1

Notes from /wm/wmsoft/cwms/v3.2.2.210430/bin/cwmsClasspath
	jars will be overridden by file /wm/wmsoft/cwms/v3.2.2.210430/classes/wcds/dbi/client/RmiDbiWrapper.class
	jars will be overridden by file /wm/wmsoft/cwms/v3.2.2.210430/classes/wcds/dbi/oracle/cwms/CwmsTimeSeriesDaoImpl$1.class
	jars will be overridden by file /wm/wmsoft/cwms/v3.2.2.210430/classes/wcds/dbi/oracle/cwms/CwmsTimeSeriesDaoImpl$ElevationList.class
	jars will be overridden by file /wm/wmsoft/cwms/v3.2.2.210430/classes/wcds/dbi/oracle/cwms/CwmsTimeSeriesDaoImpl.class

Sep 29, 2021 8:11:08 AM hec.data.DatabaseParameterLoader getBufferedReader
INFO: Reading paramater resource file from classpath: config/db/definitions/db_parameters_units.def
Sep 29, 2021 8:11:08 AM hec.data.DatabaseParameterLoader getBufferedReader
INFO: Reading paramater resource file from classpath: config/db/definitions/db_parameters_units.def
Sep 29, 2021 8:11:08 AM hec.data.DatabaseParameterLoader getBufferedReader
INFO: Reading paramater resource file from classpath: config/db/definitions/db_parameters_units.def
Sep 29, 2021 8:11:08 AM hec.data.ResourceFileParameterLoader getBufferedReader
INFO: Reading parameter resource file from file system: {}
Sep 29, 2021 8:11:08 AM hec.data.ResourceFileParameterLoader validate
WARNING: Error reading parameter resource file input stream
java.io.FileNotFoundException: /wm/nwo/g7cwpa30/config/db/definitions/parameters_units.def (No such file or directory)
	at java.io.FileInputStream.open0(Native Method)
	at java.io.FileInputStream.open(FileInputStream.java:195)
	at java.io.FileInputStream.<init>(FileInputStream.java:138)
	at java.io.FileInputStream.<init>(FileInputStream.java:93)
	at java.io.FileReader.<init>(FileReader.java:58)
	at hec.data.ResourceFileParameterLoader.getBufferedReader(ResourceFileParameterLoader.java:107)
	at hec.data.ResourceFileParameterLoader.validate(ResourceFileParameterLoader.java:130)
	at hec.data.ParameterLookup.loadParameters(ParameterLookup.java:67)
	at hec.data.Parameter.lookupLoadParameters(Parameter.java:1025)
	at hec.data.Parameter.loadParameters(Parameter.java:1135)
	at hec.data.Parameter.<clinit>(Parameter.java:238)
	at java.lang.Class.forName0(Native Method)
	at java.lang.Class.forName(Class.java:348)
	at org.python.core.Py.loadAndInitClass(Py.java:991)
	at org.python.core.Py.findClassInternal(Py.java:926)
	at org.python.core.Py.findClassEx(Py.java:977)
	at org.python.core.packagecache.SysPackageManager.findClass(SysPackageManager.java:133)
	at org.python.core.packagecache.PackageManager.findClass(PackageManager.java:33)
	at org.python.core.packagecache.SysPackageManager.findClass(SysPackageManager.java:122)
	at org.python.core.PyJavaPackage.__findattr_ex__(PyJavaPackage.java:134)
	at org.python.core.PyObject.__findattr__(PyObject.java:946)
	at org.python.core.imp.importFromAs(imp.java:1160)
	at org.python.core.imp.importFrom(imp.java:1132)
	at DBAPI$py.f$0(__pyclasspath__/DBAPI.py:2825)
	at DBAPI$py.call_function(__pyclasspath__/DBAPI.py)
	at org.python.core.PyTableCode.call(PyTableCode.java:167)
	at org.python.core.PyCode.call(PyCode.java:18)
	at org.python.core.imp.createFromCode(imp.java:436)
	at org.python.core.util.importer.importer_load_module(importer.java:109)
	at org.python.core.ClasspathPyImporter.ClasspathPyImporter_load_module(ClasspathPyImporter.java:64)
	at org.python.core.ClasspathPyImporter$ClasspathPyImporter_load_module_exposer.__call__(Unknown Source)
	at org.python.core.PyBuiltinMethodNarrow.__call__(PyBuiltinMethodNarrow.java:46)
	at org.python.core.imp.loadFromLoader(imp.java:587)
	at org.python.core.imp.find_module(imp.java:537)
	at org.python.core.imp.import_next(imp.java:840)
	at org.python.core.imp.import_module_level(imp.java:959)
	at org.python.core.imp.importName(imp.java:1062)
	at org.python.core.ImportFunction.__call__(__builtin__.java:1280)
	at org.python.core.PyObject.__call__(PyObject.java:431)
	at org.python.core.__builtin__.__import__(__builtin__.java:1232)
	at org.python.core.imp.importOne(imp.java:1081)
	at org.python.pycode._pyx0.f$0(Reservoir_NwoElevInflowOutflowPrecipStorZones_Plots.py:417)
	at org.python.pycode._pyx0.call_function(Reservoir_NwoElevInflowOutflowPrecipStorZones_Plots.py)
	at org.python.core.PyTableCode.call(PyTableCode.java:167)
	at org.python.core.PyCode.call(PyCode.java:18)
	at org.python.core.Py.runCode(Py.java:1386)
	at org.python.util.PythonInterpreter.execfile(PythonInterpreter.java:296)
	at org.python.util.jython.run(jython.java:362)
	at org.python.util.jython.main(jython.java:142)

OsName =  sunos
CronjobsDirectory =  /wm/nwo/g7cwpa30/cronjobs/ 	Script Directory =  /wm/nwo/g7cwpa30/cronjobs/Plots/ 	Image Directory =  /wm/nwo/g7cwpa30/cronjobs/Plots/Images/NWO/
readFile: reading /wm/nwo/g7cwpa30/config/properties/dbi.conf
Sep 29, 2021 8:11:13 AM usace.cwms.db.jooq.util.ConnectionPersistenceManager <init>
INFO: Connection persistence disabled. To enable set system property cwms.connection.persist=true
Connected to Oracle Database 19c Enterprise Edition Release 19.0.0.0.0 - Production 155.77.185.12:1521/G6CWMSP1 as user G7CWPA30, office NWDM, via CWMS_PRODUCTION_ACCOUNT
Loaded debug logging properties file: /wm/nwo/g7cwpa30/config/properties/logger.properties
OS Name is SunOS
Closing Oracle Database 19c Enterprise Edition Release 19.0.0.0.0 - Production 155.77.185.12:1521/G6CWMSP1
Debug Line 412   |	Database connection closed
Sep 29, 2021 8:11:50 AM usace.cwms.db.jooq.util.ConnectionPoolUcp shutdownHook_aroundBody2
INFO: Closing all database connections before exiting.

Notes from /wm/wmsoft/cwms/v3.2.2.210430/bin/cwmsClasspath
	jars will be overridden by file /wm/wmsoft/cwms/v3.2.2.210430/classes/wcds/dbi/client/RmiDbiWrapper.class
	jars will be overridden by file /wm/wmsoft/cwms/v3.2.2.210430/classes/wcds/dbi/oracle/cwms/CwmsTimeSeriesDaoImpl$1.class
	jars will be overridden by file /wm/wmsoft/cwms/v3.2.2.210430/classes/wcds/dbi/oracle/cwms/CwmsTimeSeriesDaoImpl$ElevationList.class
	jars will be overridden by file /wm/wmsoft/cwms/v3.2.2.210430/classes/wcds/dbi/oracle/cwms/CwmsTimeSeriesDaoImpl.class

Sep 29, 2021 8:11:57 AM hec.data.DatabaseParameterLoader getBufferedReader
INFO: Reading paramater resource file from classpath: config/db/definitions/db_parameters_units.def
Sep 29, 2021 8:11:57 AM hec.data.DatabaseParameterLoader getBufferedReader
INFO: Reading paramater resource file from classpath: config/db/definitions/db_parameters_units.def
Sep 29, 2021 8:11:57 AM hec.data.DatabaseParameterLoader getBufferedReader
INFO: Reading paramater resource file from classpath: config/db/definitions/db_parameters_units.def
Sep 29, 2021 8:11:57 AM hec.data.ResourceFileParameterLoader getBufferedReader
INFO: Reading parameter resource file from file system: {}
Sep 29, 2021 8:11:57 AM hec.data.ResourceFileParameterLoader validate
WARNING: Error reading parameter resource file input stream
java.io.FileNotFoundException: /wm/nwo/g7cwpa30/config/db/definitions/parameters_units.def (No such file or directory)
	at java.io.FileInputStream.open0(Native Method)
	at java.io.FileInputStream.open(FileInputStream.java:195)
	at java.io.FileInputStream.<init>(FileInputStream.java:138)
	at java.io.FileInputStream.<init>(FileInputStream.java:93)
	at java.io.FileReader.<init>(FileReader.java:58)
	at hec.data.ResourceFileParameterLoader.getBufferedReader(ResourceFileParameterLoader.java:107)
	at hec.data.ResourceFileParameterLoader.validate(ResourceFileParameterLoader.java:130)
	at hec.data.ParameterLookup.loadParameters(ParameterLookup.java:67)
	at hec.data.Parameter.lookupLoadParameters(Parameter.java:1025)
	at hec.data.Parameter.loadParameters(Parameter.java:1135)
	at hec.data.Parameter.<clinit>(Parameter.java:238)
	at java.lang.Class.forName0(Native Method)
	at java.lang.Class.forName(Class.java:348)
	at org.python.core.Py.loadAndInitClass(Py.java:991)
	at org.python.core.Py.findClassInternal(Py.java:926)
	at org.python.core.Py.findClassEx(Py.java:977)
	at org.python.core.packagecache.SysPackageManager.findClass(SysPackageManager.java:133)
	at org.python.core.packagecache.PackageManager.findClass(PackageManager.java:33)
	at org.python.core.packagecache.SysPackageManager.findClass(SysPackageManager.java:122)
	at org.python.core.PyJavaPackage.__findattr_ex__(PyJavaPackage.java:134)
	at org.python.core.PyObject.__findattr__(PyObject.java:946)
	at org.python.core.imp.importFromAs(imp.java:1160)
	at org.python.core.imp.importFrom(imp.java:1132)
	at DBAPI$py.f$0(__pyclasspath__/DBAPI.py:2825)
	at DBAPI$py.call_function(__pyclasspath__/DBAPI.py)
	at org.python.core.PyTableCode.call(PyTableCode.java:167)
	at org.python.core.PyCode.call(PyCode.java:18)
	at org.python.core.imp.createFromCode(imp.java:436)
	at org.python.core.util.importer.importer_load_module(importer.java:109)
	at org.python.core.ClasspathPyImporter.ClasspathPyImporter_load_module(ClasspathPyImporter.java:64)
	at org.python.core.ClasspathPyImporter$ClasspathPyImporter_load_module_exposer.__call__(Unknown Source)
	at org.python.core.PyBuiltinMethodNarrow.__call__(PyBuiltinMethodNarrow.java:46)
	at org.python.core.imp.loadFromLoader(imp.java:587)
	at org.python.core.imp.find_module(imp.java:537)
	at org.python.core.imp.import_next(imp.java:840)
	at org.python.core.imp.import_module_level(imp.java:959)
	at org.python.core.imp.importName(imp.java:1062)
	at org.python.core.ImportFunction.__call__(__builtin__.java:1280)
	at org.python.core.PyObject.__call__(PyObject.java:431)
	at org.python.core.__builtin__.__import__(__builtin__.java:1232)
	at org.python.core.imp.importOne(imp.java:1081)
	at org.python.pycode._pyx0.f$0(Reservoir_NwoPrecip_Plots.py:271)
	at org.python.pycode._pyx0.call_function(Reservoir_NwoPrecip_Plots.py)
	at org.python.core.PyTableCode.call(PyTableCode.java:167)
	at org.python.core.PyCode.call(PyCode.java:18)
	at org.python.core.Py.runCode(Py.java:1386)
	at org.python.util.PythonInterpreter.execfile(PythonInterpreter.java:296)
	at org.python.util.jython.run(jython.java:362)
	at org.python.util.jython.main(jython.java:142)

OsName =  sunos
CronjobsDirectory =  /wm/nwo/g7cwpa30/cronjobs/ 	Script Directory =  /wm/nwo/g7cwpa30/cronjobs/Plots/ 	Image Directory =  /wm/nwo/g7cwpa30/cronjobs/Plots/Images/NWO/
readFile: reading /wm/nwo/g7cwpa30/config/properties/dbi.conf
Sep 29, 2021 8:12:01 AM usace.cwms.db.jooq.util.ConnectionPersistenceManager <init>
INFO: Connection persistence disabled. To enable set system property cwms.connection.persist=true
Connected to Oracle Database 19c Enterprise Edition Release 19.0.0.0.0 - Production 155.77.185.12:1521/G6CWMSP1 as user G7CWPA30, office NWDM, via CWMS_PRODUCTION_ACCOUNT
Loaded debug logging properties file: /wm/nwo/g7cwpa30/config/properties/logger.properties
OS Name is SunOS
Closing Oracle Database 19c Enterprise Edition Release 19.0.0.0.0 - Production 155.77.185.12:1521/G6CWMSP1
Debug Line 266   |	Database connection closed

Notes from /wm/wmsoft/cwms/v3.2.2.210430/bin/cwmsClasspath
	jars will be overridden by file /wm/wmsoft/cwms/v3.2.2.210430/classes/wcds/dbi/client/RmiDbiWrapper.class
	jars will be overridden by file /wm/wmsoft/cwms/v3.2.2.210430/classes/wcds/dbi/oracle/cwms/CwmsTimeSeriesDaoImpl$1.class
	jars will be overridden by file /wm/wmsoft/cwms/v3.2.2.210430/classes/wcds/dbi/oracle/cwms/CwmsTimeSeriesDaoImpl$ElevationList.class
	jars will be overridden by file /wm/wmsoft/cwms/v3.2.2.210430/classes/wcds/dbi/oracle/cwms/CwmsTimeSeriesDaoImpl.class

Sep 29, 2021 8:12:24 AM hec.data.DatabaseParameterLoader getBufferedReader
INFO: Reading paramater resource file from classpath: config/db/definitions/db_parameters_units.def
Sep 29, 2021 8:12:24 AM hec.data.DatabaseParameterLoader getBufferedReader
INFO: Reading paramater resource file from classpath: config/db/definitions/db_parameters_units.def
Sep 29, 2021 8:12:24 AM hec.data.DatabaseParameterLoader getBufferedReader
INFO: Reading paramater resource file from classpath: config/db/definitions/db_parameters_units.def
Sep 29, 2021 8:12:24 AM hec.data.ResourceFileParameterLoader getBufferedReader
INFO: Reading parameter resource file from file system: {}
Sep 29, 2021 8:12:24 AM hec.data.ResourceFileParameterLoader validate
WARNING: Error reading parameter resource file input stream
java.io.FileNotFoundException: /wm/nwo/g7cwpa30/config/db/definitions/parameters_units.def (No such file or directory)
	at java.io.FileInputStream.open0(Native Method)
	at java.io.FileInputStream.open(FileInputStream.java:195)
	at java.io.FileInputStream.<init>(FileInputStream.java:138)
	at java.io.FileInputStream.<init>(FileInputStream.java:93)
	at java.io.FileReader.<init>(FileReader.java:58)
	at hec.data.ResourceFileParameterLoader.getBufferedReader(ResourceFileParameterLoader.java:107)
	at hec.data.ResourceFileParameterLoader.validate(ResourceFileParameterLoader.java:130)
	at hec.data.ParameterLookup.loadParameters(ParameterLookup.java:67)
	at hec.data.Parameter.lookupLoadParameters(Parameter.java:1025)
	at hec.data.Parameter.loadParameters(Parameter.java:1135)
	at hec.data.Parameter.<clinit>(Parameter.java:238)
	at java.lang.Class.forName0(Native Method)
	at java.lang.Class.forName(Class.java:348)
	at org.python.core.Py.loadAndInitClass(Py.java:991)
	at org.python.core.Py.findClassInternal(Py.java:926)
	at org.python.core.Py.findClassEx(Py.java:977)
	at org.python.core.packagecache.SysPackageManager.findClass(SysPackageManager.java:133)
	at org.python.core.packagecache.PackageManager.findClass(PackageManager.java:33)
	at org.python.core.packagecache.SysPackageManager.findClass(SysPackageManager.java:122)
	at org.python.core.PyJavaPackage.__findattr_ex__(PyJavaPackage.java:134)
	at org.python.core.PyObject.__findattr__(PyObject.java:946)
	at org.python.core.imp.importFromAs(imp.java:1160)
	at org.python.core.imp.importFrom(imp.java:1132)
	at DBAPI$py.f$0(__pyclasspath__/DBAPI.py:2825)
	at DBAPI$py.call_function(__pyclasspath__/DBAPI.py)
	at org.python.core.PyTableCode.call(PyTableCode.java:167)
	at org.python.core.PyCode.call(PyCode.java:18)
	at org.python.core.imp.createFromCode(imp.java:436)
	at org.python.core.util.importer.importer_load_module(importer.java:109)
	at org.python.core.ClasspathPyImporter.ClasspathPyImporter_load_module(ClasspathPyImporter.java:64)
	at org.python.core.ClasspathPyImporter$ClasspathPyImporter_load_module_exposer.__call__(Unknown Source)
	at org.python.core.PyBuiltinMethodNarrow.__call__(PyBuiltinMethodNarrow.java:46)
	at org.python.core.imp.loadFromLoader(imp.java:587)
	at org.python.core.imp.find_module(imp.java:537)
	at org.python.core.imp.import_next(imp.java:840)
	at org.python.core.imp.import_module_level(imp.java:959)
	at org.python.core.imp.importName(imp.java:1062)
	at org.python.core.ImportFunction.__call__(__builtin__.java:1280)
	at org.python.core.PyObject.__call__(PyObject.java:431)
	at org.python.core.__builtin__.__import__(__builtin__.java:1232)
	at org.python.core.imp.importOne(imp.java:1081)
	at org.python.pycode._pyx0.f$0(Reservoir_NwoElevInflowOutflow6Hr_Plots.py:303)
	at org.python.pycode._pyx0.call_function(Reservoir_NwoElevInflowOutflow6Hr_Plots.py)
	at org.python.core.PyTableCode.call(PyTableCode.java:167)
	at org.python.core.PyCode.call(PyCode.java:18)
	at org.python.core.Py.runCode(Py.java:1386)
	at org.python.util.PythonInterpreter.execfile(PythonInterpreter.java:296)
	at org.python.util.jython.run(jython.java:362)
	at org.python.util.jython.main(jython.java:142)

OsName =  sunos
CronjobsDirectory =  /wm/nwo/g7cwpa30/cronjobs/ 	Script Directory =  /wm/nwo/g7cwpa30/cronjobs/Plots/ 	Image Directory =  /wm/nwo/g7cwpa30/cronjobs/Plots/Images/NWO/
readFile: reading /wm/nwo/g7cwpa30/config/properties/dbi.conf
Sep 29, 2021 8:12:28 AM usace.cwms.db.jooq.util.ConnectionPersistenceManager <init>
INFO: Connection persistence disabled. To enable set system property cwms.connection.persist=true
Connected to Oracle Database 19c Enterprise Edition Release 19.0.0.0.0 - Production 155.77.185.12:1521/G6CWMSP1 as user G7CWPA30, office NWDM, via CWMS_PRODUCTION_ACCOUNT
Loaded debug logging properties file: /wm/nwo/g7cwpa30/config/properties/logger.properties
OS Name is SunOS
Closing Oracle Database 19c Enterprise Edition Release 19.0.0.0.0 - Production 155.77.185.12:1521/G6CWMSP1
Debug Line 298   |	Database connection closed
Sep 29, 2021 8:12:46 AM usace.cwms.db.jooq.util.ConnectionPoolUcp shutdownHook_aroundBody2
INFO: Closing all database connections before exiting.

Notes from /wm/wmsoft/cwms/v3.2.2.210430/bin/cwmsClasspath
	jars will be overridden by file /wm/wmsoft/cwms/v3.2.2.210430/classes/wcds/dbi/client/RmiDbiWrapper.class
	jars will be overridden by file /wm/wmsoft/cwms/v3.2.2.210430/classes/wcds/dbi/oracle/cwms/CwmsTimeSeriesDaoImpl$1.class
	jars will be overridden by file /wm/wmsoft/cwms/v3.2.2.210430/classes/wcds/dbi/oracle/cwms/CwmsTimeSeriesDaoImpl$ElevationList.class
	jars will be overridden by file /wm/wmsoft/cwms/v3.2.2.210430/classes/wcds/dbi/oracle/cwms/CwmsTimeSeriesDaoImpl.class

Sep 29, 2021 8:12:52 AM hec.data.DatabaseParameterLoader getBufferedReader
INFO: Reading paramater resource file from classpath: config/db/definitions/db_parameters_units.def
Sep 29, 2021 8:12:52 AM hec.data.DatabaseParameterLoader getBufferedReader
INFO: Reading paramater resource file from classpath: config/db/definitions/db_parameters_units.def
Sep 29, 2021 8:12:52 AM hec.data.DatabaseParameterLoader getBufferedReader
INFO: Reading paramater resource file from classpath: config/db/definitions/db_parameters_units.def
Sep 29, 2021 8:12:52 AM hec.data.ResourceFileParameterLoader getBufferedReader
INFO: Reading parameter resource file from file system: {}
Sep 29, 2021 8:12:52 AM hec.data.ResourceFileParameterLoader validate
WARNING: Error reading parameter resource file input stream
java.io.FileNotFoundException: /wm/nwo/g7cwpa30/config/db/definitions/parameters_units.def (No such file or directory)
	at java.io.FileInputStream.open0(Native Method)
	at java.io.FileInputStream.open(FileInputStream.java:195)
	at java.io.FileInputStream.<init>(FileInputStream.java:138)
	at java.io.FileInputStream.<init>(FileInputStream.java:93)
	at java.io.FileReader.<init>(FileReader.java:58)
	at hec.data.ResourceFileParameterLoader.getBufferedReader(ResourceFileParameterLoader.java:107)
	at hec.data.ResourceFileParameterLoader.validate(ResourceFileParameterLoader.java:130)
	at hec.data.ParameterLookup.loadParameters(ParameterLookup.java:67)
	at hec.data.Parameter.lookupLoadParameters(Parameter.java:1025)
	at hec.data.Parameter.loadParameters(Parameter.java:1135)
	at hec.data.Parameter.<clinit>(Parameter.java:238)
	at java.lang.Class.forName0(Native Method)
	at java.lang.Class.forName(Class.java:348)
	at org.python.core.Py.loadAndInitClass(Py.java:991)
	at org.python.core.Py.findClassInternal(Py.java:926)
	at org.python.core.Py.findClassEx(Py.java:977)
	at org.python.core.packagecache.SysPackageManager.findClass(SysPackageManager.java:133)
	at org.python.core.packagecache.PackageManager.findClass(PackageManager.java:33)
	at org.python.core.packagecache.SysPackageManager.findClass(SysPackageManager.java:122)
	at org.python.core.PyJavaPackage.__findattr_ex__(PyJavaPackage.java:134)
	at org.python.core.PyObject.__findattr__(PyObject.java:946)
	at org.python.core.imp.importFromAs(imp.java:1160)
	at org.python.core.imp.importFrom(imp.java:1132)
	at DBAPI$py.f$0(__pyclasspath__/DBAPI.py:2825)
	at DBAPI$py.call_function(__pyclasspath__/DBAPI.py)
	at org.python.core.PyTableCode.call(PyTableCode.java:167)
	at org.python.core.PyCode.call(PyCode.java:18)
	at org.python.core.imp.createFromCode(imp.java:436)
	at org.python.core.util.importer.importer_load_module(importer.java:109)
	at org.python.core.ClasspathPyImporter.ClasspathPyImporter_load_module(ClasspathPyImporter.java:64)
	at org.python.core.ClasspathPyImporter$ClasspathPyImporter_load_module_exposer.__call__(Unknown Source)
	at org.python.core.PyBuiltinMethodNarrow.__call__(PyBuiltinMethodNarrow.java:46)
	at org.python.core.imp.loadFromLoader(imp.java:587)
	at org.python.core.imp.find_module(imp.java:537)
	at org.python.core.imp.import_next(imp.java:840)
	at org.python.core.imp.import_module_level(imp.java:959)
	at org.python.core.imp.importName(imp.java:1062)
	at org.python.core.ImportFunction.__call__(__builtin__.java:1280)
	at org.python.core.PyObject.__call__(PyObject.java:431)
	at org.python.core.__builtin__.__import__(__builtin__.java:1232)
	at org.python.core.imp.importOne(imp.java:1081)
	at org.python.pycode._pyx0.f$0(Reservoir_NwoElevPrecip_Plots.py:326)
	at org.python.pycode._pyx0.call_function(Reservoir_NwoElevPrecip_Plots.py)
	at org.python.core.PyTableCode.call(PyTableCode.java:167)
	at org.python.core.PyCode.call(PyCode.java:18)
	at org.python.core.Py.runCode(Py.java:1386)
	at org.python.util.PythonInterpreter.execfile(PythonInterpreter.java:296)
	at org.python.util.jython.run(jython.java:362)
	at org.python.util.jython.main(jython.java:142)

OsName =  sunos
CronjobsDirectory =  /wm/nwo/g7cwpa30/cronjobs/ 	Script Directory =  /wm/nwo/g7cwpa30/cronjobs/Plots/ 	Image Directory =  /wm/nwo/g7cwpa30/cronjobs/Plots/Images/NWO/
readFile: reading /wm/nwo/g7cwpa30/config/properties/dbi.conf
Sep 29, 2021 8:12:57 AM usace.cwms.db.jooq.util.ConnectionPersistenceManager <init>
INFO: Connection persistence disabled. To enable set system property cwms.connection.persist=true
Connected to Oracle Database 19c Enterprise Edition Release 19.0.0.0.0 - Production 155.77.185.12:1521/G6CWMSP1 as user G7CWPA30, office NWDM, via CWMS_PRODUCTION_ACCOUNT
Loaded debug logging properties file: /wm/nwo/g7cwpa30/config/properties/logger.properties
OS Name is SunOS
Closing Oracle Database 19c Enterprise Edition Release 19.0.0.0.0 - Production 155.77.185.12:1521/G6CWMSP1
Debug Line 321   |	Database connection closed
Sep 29, 2021 8:13:20 AM usace.cwms.db.jooq.util.ConnectionPoolUcp shutdownHook_aroundBody2
INFO: Closing all database connections before exiting.

Notes from /wm/wmsoft/cwms/v3.2.2.210430/bin/cwmsClasspath
	jars will be overridden by file /wm/wmsoft/cwms/v3.2.2.210430/classes/wcds/dbi/client/RmiDbiWrapper.class
	jars will be overridden by file /wm/wmsoft/cwms/v3.2.2.210430/classes/wcds/dbi/oracle/cwms/CwmsTimeSeriesDaoImpl$1.class
	jars will be overridden by file /wm/wmsoft/cwms/v3.2.2.210430/classes/wcds/dbi/oracle/cwms/CwmsTimeSeriesDaoImpl$ElevationList.class
	jars will be overridden by file /wm/wmsoft/cwms/v3.2.2.210430/classes/wcds/dbi/oracle/cwms/CwmsTimeSeriesDaoImpl.class

Sep 29, 2021 8:13:28 AM hec.data.DatabaseParameterLoader getBufferedReader
INFO: Reading paramater resource file from classpath: config/db/definitions/db_parameters_units.def
Sep 29, 2021 8:13:28 AM hec.data.DatabaseParameterLoader getBufferedReader
INFO: Reading paramater resource file from classpath: config/db/definitions/db_parameters_units.def
Sep 29, 2021 8:13:28 AM hec.data.DatabaseParameterLoader getBufferedReader
INFO: Reading paramater resource file from classpath: config/db/definitions/db_parameters_units.def
Sep 29, 2021 8:13:28 AM hec.data.ResourceFileParameterLoader getBufferedReader
INFO: Reading parameter resource file from file system: {}
Sep 29, 2021 8:13:28 AM hec.data.ResourceFileParameterLoader validate
WARNING: Error reading parameter resource file input stream
java.io.FileNotFoundException: /wm/nwo/g7cwpa30/config/db/definitions/parameters_units.def (No such file or directory)
	at java.io.FileInputStream.open0(Native Method)
	at java.io.FileInputStream.open(FileInputStream.java:195)
	at java.io.FileInputStream.<init>(FileInputStream.java:138)
	at java.io.FileInputStream.<init>(FileInputStream.java:93)
	at java.io.FileReader.<init>(FileReader.java:58)
	at hec.data.ResourceFileParameterLoader.getBufferedReader(ResourceFileParameterLoader.java:107)
	at hec.data.ResourceFileParameterLoader.validate(ResourceFileParameterLoader.java:130)
	at hec.data.ParameterLookup.loadParameters(ParameterLookup.java:67)
	at hec.data.Parameter.lookupLoadParameters(Parameter.java:1025)
	at hec.data.Parameter.loadParameters(Parameter.java:1135)
	at hec.data.Parameter.<clinit>(Parameter.java:238)
	at java.lang.Class.forName0(Native Method)
	at java.lang.Class.forName(Class.java:348)
	at org.python.core.Py.loadAndInitClass(Py.java:991)
	at org.python.core.Py.findClassInternal(Py.java:926)
	at org.python.core.Py.findClassEx(Py.java:977)
	at org.python.core.packagecache.SysPackageManager.findClass(SysPackageManager.java:133)
	at org.python.core.packagecache.PackageManager.findClass(PackageManager.java:33)
	at org.python.core.packagecache.SysPackageManager.findClass(SysPackageManager.java:122)
	at org.python.core.PyJavaPackage.__findattr_ex__(PyJavaPackage.java:134)
	at org.python.core.PyObject.__findattr__(PyObject.java:946)
	at org.python.core.imp.importFromAs(imp.java:1160)
	at org.python.core.imp.importFrom(imp.java:1132)
	at DBAPI$py.f$0(__pyclasspath__/DBAPI.py:2825)
	at DBAPI$py.call_function(__pyclasspath__/DBAPI.py)
	at org.python.core.PyTableCode.call(PyTableCode.java:167)
	at org.python.core.PyCode.call(PyCode.java:18)
	at org.python.core.imp.createFromCode(imp.java:436)
	at org.python.core.util.importer.importer_load_module(importer.java:109)
	at org.python.core.ClasspathPyImporter.ClasspathPyImporter_load_module(ClasspathPyImporter.java:64)
	at org.python.core.ClasspathPyImporter$ClasspathPyImporter_load_module_exposer.__call__(Unknown Source)
	at org.python.core.PyBuiltinMethodNarrow.__call__(PyBuiltinMethodNarrow.java:46)
	at org.python.core.imp.loadFromLoader(imp.java:587)
	at org.python.core.imp.find_module(imp.java:537)
	at org.python.core.imp.import_next(imp.java:840)
	at org.python.core.imp.import_module_level(imp.java:959)
	at org.python.core.imp.importName(imp.java:1062)
	at org.python.core.ImportFunction.__call__(__builtin__.java:1280)
	at org.python.core.PyObject.__call__(PyObject.java:431)
	at org.python.core.__builtin__.__import__(__builtin__.java:1232)
	at org.python.core.imp.importOne(imp.java:1081)
	at org.python.pycode._pyx0.f$0(Reservoir_NWOSC12_Geotech.py:369)
	at org.python.pycode._pyx0.call_function(Reservoir_NWOSC12_Geotech.py)
	at org.python.core.PyTableCode.call(PyTableCode.java:167)
	at org.python.core.PyCode.call(PyCode.java:18)
	at org.python.core.Py.runCode(Py.java:1386)
	at org.python.util.PythonInterpreter.execfile(PythonInterpreter.java:296)
	at org.python.util.jython.run(jython.java:362)
	at org.python.util.jython.main(jython.java:142)

OsName =  sunos
CronjobsDirectory =  /wm/nwo/g7cwpa30/cronjobs/ 	Script Directory =  /wm/nwo/g7cwpa30/cronjobs/Plots/ 	Image Directory =  /wm/nwo/g7cwpa30/cronjobs/Plots/Images/NWO/
Traceback (most recent call last):
  File "Reservoir_NWOSC12_Geotech.py", line 369, in <module>
    SwingUtilities.invokeAndWait(Runnable(createSomePlots))
  File "Reservoir_NWOSC12_Geotech.py", line 52, in run
    self._runFunction()
  File "Reservoir_NWOSC12_Geotech.py", line 133, in createSomePlots
    CurveProperties =   {
NameError: name 'Constants' is not defined

Notes from /wm/wmsoft/cwms/v3.2.2.210430/bin/cwmsClasspath
	jars will be overridden by file /wm/wmsoft/cwms/v3.2.2.210430/classes/wcds/dbi/client/RmiDbiWrapper.class
	jars will be overridden by file /wm/wmsoft/cwms/v3.2.2.210430/classes/wcds/dbi/oracle/cwms/CwmsTimeSeriesDaoImpl$1.class
	jars will be overridden by file /wm/wmsoft/cwms/v3.2.2.210430/classes/wcds/dbi/oracle/cwms/CwmsTimeSeriesDaoImpl$ElevationList.class
	jars will be overridden by file /wm/wmsoft/cwms/v3.2.2.210430/classes/wcds/dbi/oracle/cwms/CwmsTimeSeriesDaoImpl.class

Sep 29, 2021 8:13:39 AM hec.data.DatabaseParameterLoader getBufferedReader
INFO: Reading paramater resource file from classpath: config/db/definitions/db_parameters_units.def
Sep 29, 2021 8:13:39 AM hec.data.DatabaseParameterLoader getBufferedReader
INFO: Reading paramater resource file from classpath: config/db/definitions/db_parameters_units.def
Sep 29, 2021 8:13:39 AM hec.data.DatabaseParameterLoader getBufferedReader
INFO: Reading paramater resource file from classpath: config/db/definitions/db_parameters_units.def
Sep 29, 2021 8:13:39 AM hec.data.ResourceFileParameterLoader getBufferedReader
INFO: Reading parameter resource file from file system: {}
Sep 29, 2021 8:13:39 AM hec.data.ResourceFileParameterLoader validate
WARNING: Error reading parameter resource file input stream
java.io.FileNotFoundException: /wm/nwo/g7cwpa30/config/db/definitions/parameters_units.def (No such file or directory)
	at java.io.FileInputStream.open0(Native Method)
	at java.io.FileInputStream.open(FileInputStream.java:195)
	at java.io.FileInputStream.<init>(FileInputStream.java:138)
	at java.io.FileInputStream.<init>(FileInputStream.java:93)
	at java.io.FileReader.<init>(FileReader.java:58)
	at hec.data.ResourceFileParameterLoader.getBufferedReader(ResourceFileParameterLoader.java:107)
	at hec.data.ResourceFileParameterLoader.validate(ResourceFileParameterLoader.java:130)
	at hec.data.ParameterLookup.loadParameters(ParameterLookup.java:67)
	at hec.data.Parameter.lookupLoadParameters(Parameter.java:1025)
	at hec.data.Parameter.loadParameters(Parameter.java:1135)
	at hec.data.Parameter.<clinit>(Parameter.java:238)
	at java.lang.Class.forName0(Native Method)
	at java.lang.Class.forName(Class.java:348)
	at org.python.core.Py.loadAndInitClass(Py.java:991)
	at org.python.core.Py.findClassInternal(Py.java:926)
	at org.python.core.Py.findClassEx(Py.java:977)
	at org.python.core.packagecache.SysPackageManager.findClass(SysPackageManager.java:133)
	at org.python.core.packagecache.PackageManager.findClass(PackageManager.java:33)
	at org.python.core.packagecache.SysPackageManager.findClass(SysPackageManager.java:122)
	at org.python.core.PyJavaPackage.__findattr_ex__(PyJavaPackage.java:134)
	at org.python.core.PyObject.__findattr__(PyObject.java:946)
	at org.python.core.imp.importFromAs(imp.java:1160)
	at org.python.core.imp.importFrom(imp.java:1132)
	at DBAPI$py.f$0(__pyclasspath__/DBAPI.py:2825)
	at DBAPI$py.call_function(__pyclasspath__/DBAPI.py)
	at org.python.core.PyTableCode.call(PyTableCode.java:167)
	at org.python.core.PyCode.call(PyCode.java:18)
	at org.python.core.imp.createFromCode(imp.java:436)
	at org.python.core.util.importer.importer_load_module(importer.java:109)
	at org.python.core.ClasspathPyImporter.ClasspathPyImporter_load_module(ClasspathPyImporter.java:64)
	at org.python.core.ClasspathPyImporter$ClasspathPyImporter_load_module_exposer.__call__(Unknown Source)
	at org.python.core.PyBuiltinMethodNarrow.__call__(PyBuiltinMethodNarrow.java:46)
	at org.python.core.imp.loadFromLoader(imp.java:587)
	at org.python.core.imp.find_module(imp.java:537)
	at org.python.core.imp.import_next(imp.java:840)
	at org.python.core.imp.import_module_level(imp.java:959)
	at org.python.core.imp.importName(imp.java:1062)
	at org.python.core.ImportFunction.__call__(__builtin__.java:1280)
	at org.python.core.PyObject.__call__(PyObject.java:431)
	at org.python.core.__builtin__.__import__(__builtin__.java:1232)
	at org.python.core.imp.importOne(imp.java:1081)
	at org.python.pycode._pyx0.f$0(Reservoir_NwoCorpsOwnedRaw_Plots.py:1036)
	at org.python.pycode._pyx0.call_function(Reservoir_NwoCorpsOwnedRaw_Plots.py)
	at org.python.core.PyTableCode.call(PyTableCode.java:167)
	at org.python.core.PyCode.call(PyCode.java:18)
	at org.python.core.Py.runCode(Py.java:1386)
	at org.python.util.PythonInterpreter.execfile(PythonInterpreter.java:296)
	at org.python.util.jython.run(jython.java:362)
	at org.python.util.jython.main(jython.java:142)

OsName =  sunos
CronjobsDirectory =  /wm/nwo/g7cwpa30/cronjobs/ 	Script Directory =  /wm/nwo/g7cwpa30/cronjobs/Plots/ 	Image Directory =  /wm/nwo/g7cwpa30/cronjobs/Plots/Images/NWO/
readFile: reading /wm/nwo/g7cwpa30/config/properties/dbi.conf
Sep 29, 2021 8:13:44 AM usace.cwms.db.jooq.util.ConnectionPersistenceManager <init>
INFO: Connection persistence disabled. To enable set system property cwms.connection.persist=true
Connected to Oracle Database 19c Enterprise Edition Release 19.0.0.0.0 - Production 155.77.185.12:1521/G6CWMSP1 as user G7CWPA30, office NWDM, via CWMS_PRODUCTION_ACCOUNT
Loaded debug logging properties file: /wm/nwo/g7cwpa30/config/properties/logger.properties
OS Name is SunOS
None

LPSD.Volt.Inst.15Minutes.0.Raw-LRGS PathName
True
None

PONE.Volt.Inst.1Hour.0.Raw-LRGS PathName
True
None

PA2A.Volt.Inst.1Hour.0.Raw-LRGS PathName
True
None

AWND.Volt.Inst.15Minutes.0.Raw-LRGS PathName
True
None

ARSD.Volt.Inst.1Hour.0.Raw-LRGS PathName
True
None

BLNE.Volt.Inst.1Hour.0.Raw-LRGS PathName
True
None

COTT.Volt.Inst.15Minutes.0.Raw-LRGS PathName
True
None

BOHA.Volt.Inst.1Hour.0.Raw-LRGS PathName
True
None

SC02.Volt.Inst.1Hour.0.Raw-LRGS PathName
True
None

SC04.Volt.Inst.1Hour.0.Raw-LRGS PathName
True
None

SC08.Volt.Inst.1Hour.0.Raw-LRGS PathName
True
None

SC09.Volt.Inst.1Hour.0.Raw-LRGS PathName
True
None

SC10.Volt.Inst.1Hour.0.Raw-LRGS PathName
True
None

SC12.Volt.Inst.1Hour.0.Raw-LRGS PathName
True
None

SC13.Volt.Inst.1Hour.0.Raw-LRGS PathName
True
None

SC14.Volt.Inst.1Hour.0.Raw-LRGS PathName
True
None

SC17.Volt.Inst.1Hour.0.Raw-LRGS PathName
True
None

SC18.Volt.Inst.1Hour.0.Raw-LRGS PathName
True
None

PA11.Volt.Inst.1Hour.0.Raw-LRGS PathName
True
None

PA16.Volt.Inst.1Hour.0.Raw-LRGS PathName
True
None

PA18.Volt.Inst.1Hour.0.Raw-LRGS PathName
True
None

PA20.Volt.Inst.1Hour.0.Raw-LRGS PathName
True
None

CHFI.Volt.Inst.1Hour.0.Raw-LRGS PathName
True
None

BECR.Volt.Inst.1Hour.0.Raw-LRGS PathName
True
None

PGSD.Volt.Inst.15Minutes.0.Raw-LRGS PathName
True
None

BVNE.Volt.Inst.1Hour.0.Raw-LRGS PathName
True
None

CHCR.Volt-Orifice.Inst.1Hour.0.Raw-LRGS PathName
True
None

CHCR.Volt-Radar.Inst.1Hour.0.Raw-LRGS PathName
True
None

PIST.Volt.Inst.15Minutes.0.Raw-LRGS PathName
True
COLD.Volt-Orifice.Inst.15Minutes.0.Raw-LRGS PathName
True
PTNE.Volt-Orifice.Inst.1Hour.0.Raw-LRGS PathName
True
Closing Oracle Database 19c Enterprise Edition Release 19.0.0.0.0 - Production 155.77.185.12:1521/G6CWMSP1
Debug Line 1031   |	Database connection closed
Sep 29, 2021 8:14:22 AM usace.cwms.db.jooq.util.ConnectionPoolUcp shutdownHook_aroundBody2
INFO: Closing all database connections before exiting.

Notes from /wm/wmsoft/cwms/v3.2.2.210430/bin/cwmsClasspath
	jars will be overridden by file /wm/wmsoft/cwms/v3.2.2.210430/classes/wcds/dbi/client/RmiDbiWrapper.class
	jars will be overridden by file /wm/wmsoft/cwms/v3.2.2.210430/classes/wcds/dbi/oracle/cwms/CwmsTimeSeriesDaoImpl$1.class
	jars will be overridden by file /wm/wmsoft/cwms/v3.2.2.210430/classes/wcds/dbi/oracle/cwms/CwmsTimeSeriesDaoImpl$ElevationList.class
	jars will be overridden by file /wm/wmsoft/cwms/v3.2.2.210430/classes/wcds/dbi/oracle/cwms/CwmsTimeSeriesDaoImpl.class

Sep 29, 2021 8:14:28 AM hec.data.DatabaseParameterLoader getBufferedReader
INFO: Reading paramater resource file from classpath: config/db/definitions/db_parameters_units.def
Sep 29, 2021 8:14:28 AM hec.data.DatabaseParameterLoader getBufferedReader
INFO: Reading paramater resource file from classpath: config/db/definitions/db_parameters_units.def
Sep 29, 2021 8:14:28 AM hec.data.DatabaseParameterLoader getBufferedReader
INFO: Reading paramater resource file from classpath: config/db/definitions/db_parameters_units.def
Sep 29, 2021 8:14:28 AM hec.data.ResourceFileParameterLoader getBufferedReader
INFO: Reading parameter resource file from file system: {}
Sep 29, 2021 8:14:28 AM hec.data.ResourceFileParameterLoader validate
WARNING: Error reading parameter resource file input stream
java.io.FileNotFoundException: /wm/nwo/g7cwpa30/config/db/definitions/parameters_units.def (No such file or directory)
	at java.io.FileInputStream.open0(Native Method)
	at java.io.FileInputStream.open(FileInputStream.java:195)
	at java.io.FileInputStream.<init>(FileInputStream.java:138)
	at java.io.FileInputStream.<init>(FileInputStream.java:93)
	at java.io.FileReader.<init>(FileReader.java:58)
	at hec.data.ResourceFileParameterLoader.getBufferedReader(ResourceFileParameterLoader.java:107)
	at hec.data.ResourceFileParameterLoader.validate(ResourceFileParameterLoader.java:130)
	at hec.data.ParameterLookup.loadParameters(ParameterLookup.java:67)
	at hec.data.Parameter.lookupLoadParameters(Parameter.java:1025)
	at hec.data.Parameter.loadParameters(Parameter.java:1135)
	at hec.data.Parameter.<clinit>(Parameter.java:238)
	at java.lang.Class.forName0(Native Method)
	at java.lang.Class.forName(Class.java:348)
	at org.python.core.Py.loadAndInitClass(Py.java:991)
	at org.python.core.Py.findClassInternal(Py.java:926)
	at org.python.core.Py.findClassEx(Py.java:977)
	at org.python.core.packagecache.SysPackageManager.findClass(SysPackageManager.java:133)
	at org.python.core.packagecache.PackageManager.findClass(PackageManager.java:33)
	at org.python.core.packagecache.SysPackageManager.findClass(SysPackageManager.java:122)
	at org.python.core.PyJavaPackage.__findattr_ex__(PyJavaPackage.java:134)
	at org.python.core.PyObject.__findattr__(PyObject.java:946)
	at org.python.core.imp.importFromAs(imp.java:1160)
	at org.python.core.imp.importFrom(imp.java:1132)
	at DBAPI$py.f$0(__pyclasspath__/DBAPI.py:2825)
	at DBAPI$py.call_function(__pyclasspath__/DBAPI.py)
	at org.python.core.PyTableCode.call(PyTableCode.java:167)
	at org.python.core.PyCode.call(PyCode.java:18)
	at org.python.core.imp.createFromCode(imp.java:436)
	at org.python.core.util.importer.importer_load_module(importer.java:109)
	at org.python.core.ClasspathPyImporter.ClasspathPyImporter_load_module(ClasspathPyImporter.java:64)
	at org.python.core.ClasspathPyImporter$ClasspathPyImporter_load_module_exposer.__call__(Unknown Source)
	at org.python.core.PyBuiltinMethodNarrow.__call__(PyBuiltinMethodNarrow.java:46)
	at org.python.core.imp.loadFromLoader(imp.java:587)
	at org.python.core.imp.find_module(imp.java:537)
	at org.python.core.imp.import_next(imp.java:840)
	at org.python.core.imp.import_module_level(imp.java:959)
	at org.python.core.imp.importName(imp.java:1062)
	at org.python.core.ImportFunction.__call__(__builtin__.java:1280)
	at org.python.core.PyObject.__call__(PyObject.java:431)
	at org.python.core.__builtin__.__import__(__builtin__.java:1232)
	at org.python.core.imp.importOne(imp.java:1081)
	at org.python.pycode._pyx0.f$0(Reservoir_NwoRawRevElev_Plots.py:367)
	at org.python.pycode._pyx0.call_function(Reservoir_NwoRawRevElev_Plots.py)
	at org.python.core.PyTableCode.call(PyTableCode.java:167)
	at org.python.core.PyCode.call(PyCode.java:18)
	at org.python.core.Py.runCode(Py.java:1386)
	at org.python.util.PythonInterpreter.execfile(PythonInterpreter.java:296)
	at org.python.util.jython.run(jython.java:362)
	at org.python.util.jython.main(jython.java:142)

OsName =  sunos
CronjobsDirectory =  /wm/nwo/g7cwpa30/cronjobs/ 	Script Directory =  /wm/nwo/g7cwpa30/cronjobs/Plots/ 	Image Directory =  /wm/nwo/g7cwpa30/cronjobs/Plots/Images/NWO/
readFile: reading /wm/nwo/g7cwpa30/config/properties/dbi.conf
Sep 29, 2021 8:14:33 AM usace.cwms.db.jooq.util.ConnectionPersistenceManager <init>
INFO: Connection persistence disabled. To enable set system property cwms.connection.persist=true
Connected to Oracle Database 19c Enterprise Edition Release 19.0.0.0.0 - Production 155.77.185.12:1521/G6CWMSP1 as user G7CWPA30, office NWDM, via CWMS_PRODUCTION_ACCOUNT
Loaded debug logging properties file: /wm/nwo/g7cwpa30/config/properties/logger.properties
OS Name is SunOS
Closing Oracle Database 19c Enterprise Edition Release 19.0.0.0.0 - Production 155.77.185.12:1521/G6CWMSP1
Debug Line 362   |	Database connection closed
Sep 29, 2021 8:14:57 AM usace.cwms.db.jooq.util.ConnectionPoolUcp shutdownHook_aroundBody2
INFO: Closing all database connections before exiting.

Notes from /wm/wmsoft/cwms/v3.2.2.210430/bin/cwmsClasspath
	jars will be overridden by file /wm/wmsoft/cwms/v3.2.2.210430/classes/wcds/dbi/client/RmiDbiWrapper.class
	jars will be overridden by file /wm/wmsoft/cwms/v3.2.2.210430/classes/wcds/dbi/oracle/cwms/CwmsTimeSeriesDaoImpl$1.class
	jars will be overridden by file /wm/wmsoft/cwms/v3.2.2.210430/classes/wcds/dbi/oracle/cwms/CwmsTimeSeriesDaoImpl$ElevationList.class
	jars will be overridden by file /wm/wmsoft/cwms/v3.2.2.210430/classes/wcds/dbi/oracle/cwms/CwmsTimeSeriesDaoImpl.class

Sep 29, 2021 8:15:04 AM hec.data.DatabaseParameterLoader getBufferedReader
INFO: Reading paramater resource file from classpath: config/db/definitions/db_parameters_units.def
Sep 29, 2021 8:15:04 AM hec.data.DatabaseParameterLoader getBufferedReader
INFO: Reading paramater resource file from classpath: config/db/definitions/db_parameters_units.def
Sep 29, 2021 8:15:04 AM hec.data.DatabaseParameterLoader getBufferedReader
INFO: Reading paramater resource file from classpath: config/db/definitions/db_parameters_units.def
Sep 29, 2021 8:15:04 AM hec.data.ResourceFileParameterLoader getBufferedReader
INFO: Reading parameter resource file from file system: {}
Sep 29, 2021 8:15:04 AM hec.data.ResourceFileParameterLoader validate
WARNING: Error reading parameter resource file input stream
java.io.FileNotFoundException: /wm/nwo/g7cwpa30/config/db/definitions/parameters_units.def (No such file or directory)
	at java.io.FileInputStream.open0(Native Method)
	at java.io.FileInputStream.open(FileInputStream.java:195)
	at java.io.FileInputStream.<init>(FileInputStream.java:138)
	at java.io.FileInputStream.<init>(FileInputStream.java:93)
	at java.io.FileReader.<init>(FileReader.java:58)
	at hec.data.ResourceFileParameterLoader.getBufferedReader(ResourceFileParameterLoader.java:107)
	at hec.data.ResourceFileParameterLoader.validate(ResourceFileParameterLoader.java:130)
	at hec.data.ParameterLookup.loadParameters(ParameterLookup.java:67)
	at hec.data.Parameter.lookupLoadParameters(Parameter.java:1025)
	at hec.data.Parameter.loadParameters(Parameter.java:1135)
	at hec.data.Parameter.<clinit>(Parameter.java:238)
	at java.lang.Class.forName0(Native Method)
	at java.lang.Class.forName(Class.java:348)
	at org.python.core.Py.loadAndInitClass(Py.java:991)
	at org.python.core.Py.findClassInternal(Py.java:926)
	at org.python.core.Py.findClassEx(Py.java:977)
	at org.python.core.packagecache.SysPackageManager.findClass(SysPackageManager.java:133)
	at org.python.core.packagecache.PackageManager.findClass(PackageManager.java:33)
	at org.python.core.packagecache.SysPackageManager.findClass(SysPackageManager.java:122)
	at org.python.core.PyJavaPackage.__findattr_ex__(PyJavaPackage.java:134)
	at org.python.core.PyObject.__findattr__(PyObject.java:946)
	at org.python.core.imp.importFromAs(imp.java:1160)
	at org.python.core.imp.importFrom(imp.java:1132)
	at DBAPI$py.f$0(__pyclasspath__/DBAPI.py:2825)
	at DBAPI$py.call_function(__pyclasspath__/DBAPI.py)
	at org.python.core.PyTableCode.call(PyTableCode.java:167)
	at org.python.core.PyCode.call(PyCode.java:18)
	at org.python.core.imp.createFromCode(imp.java:436)
	at org.python.core.util.importer.importer_load_module(importer.java:109)
	at org.python.core.ClasspathPyImporter.ClasspathPyImporter_load_module(ClasspathPyImporter.java:64)
	at org.python.core.ClasspathPyImporter$ClasspathPyImporter_load_module_exposer.__call__(Unknown Source)
	at org.python.core.PyBuiltinMethodNarrow.__call__(PyBuiltinMethodNarrow.java:46)
	at org.python.core.imp.loadFromLoader(imp.java:587)
	at org.python.core.imp.find_module(imp.java:537)
	at org.python.core.imp.import_next(imp.java:840)
	at org.python.core.imp.import_module_level(imp.java:959)
	at org.python.core.imp.importName(imp.java:1062)
	at org.python.core.ImportFunction.__call__(__builtin__.java:1280)
	at org.python.core.PyObject.__call__(PyObject.java:431)
	at org.python.core.__builtin__.__import__(__builtin__.java:1232)
	at org.python.core.imp.importOne(imp.java:1081)
	at org.python.pycode._pyx0.f$0(Reservoir_NwoRawRevRadarElev_Plots.py:277)
	at org.python.pycode._pyx0.call_function(Reservoir_NwoRawRevRadarElev_Plots.py)
	at org.python.core.PyTableCode.call(PyTableCode.java:167)
	at org.python.core.PyCode.call(PyCode.java:18)
	at org.python.core.Py.runCode(Py.java:1386)
	at org.python.util.PythonInterpreter.execfile(PythonInterpreter.java:296)
	at org.python.util.jython.run(jython.java:362)
	at org.python.util.jython.main(jython.java:142)

OsName =  sunos
CronjobsDirectory =  /wm/nwo/g7cwpa30/cronjobs/ 	Script Directory =  /wm/nwo/g7cwpa30/cronjobs/Plots/ 	Image Directory =  /wm/nwo/g7cwpa30/cronjobs/Plots/Images/NWO/
readFile: reading /wm/nwo/g7cwpa30/config/properties/dbi.conf
Sep 29, 2021 8:15:09 AM usace.cwms.db.jooq.util.ConnectionPersistenceManager <init>
INFO: Connection persistence disabled. To enable set system property cwms.connection.persist=true
Connected to Oracle Database 19c Enterprise Edition Release 19.0.0.0.0 - Production 155.77.185.12:1521/G6CWMSP1 as user G7CWPA30, office NWDM, via CWMS_PRODUCTION_ACCOUNT
Loaded debug logging properties file: /wm/nwo/g7cwpa30/config/properties/logger.properties
OS Name is SunOS
Closing Oracle Database 19c Enterprise Edition Release 19.0.0.0.0 - Production 155.77.185.12:1521/G6CWMSP1
Debug Line 272   |	Database connection closed
Sep 29, 2021 8:15:25 AM usace.cwms.db.jooq.util.ConnectionPoolUcp shutdownHook_aroundBody2
INFO: Closing all database connections before exiting.
Moving files to web server.
You are accessing a U.S. Government (USG) Information System (IS) that is provided for USG-authorized use only.

By using this IS (which includes any device attached to this IS), you consent to the following conditions:

-The USG routinely intercepts and monitors communications on this IS for purposes including, but not limited to, penetration testing, COMSEC monitoring, network operations and defense, personnel misconduct (PM), law enforcement (LE), and counterintelligence (CI) investigations.

-At any time, the USG may inspect and seize data stored on this IS.

-Communications using, or data stored on, this IS are not private, are subject to routine monitoring, interception, and search, and may be disclosed or used for any USG-authorized purpose.

-This IS includes security measures (e.g., authentication and access controls) to protect USG interests--not for your personal benefit or privacy.

-Notwithstanding the above, using this IS does not constitute consent to PM, LE or CI investigative searching or monitoring of the content of privileged communications, or work product, related to personal representation or services by attorneys, psychotherapists, or clergy, and their assistants. Such communications and work product are private and confidential. See User Agreement for details.
...
Finished NWO Plots at: Wed Sep 29 08:16:13 CDT 2021
...
