stty: : No such device or address
stty: : No such device or address
stty: : No such device or address
...
Starting MRBWM Plots at: Wed Sep 29 08:11:01 CDT 2021
...
:1

Notes from /wm/wmsoft/cwms/v3.2.2.210430/bin/cwmsClasspath
	jars will be overridden by file /wm/wmsoft/cwms/v3.2.2.210430/classes/wcds/dbi/client/RmiDbiWrapper.class
	jars will be overridden by file /wm/wmsoft/cwms/v3.2.2.210430/classes/wcds/dbi/oracle/cwms/CwmsTimeSeriesDaoImpl$1.class
	jars will be overridden by file /wm/wmsoft/cwms/v3.2.2.210430/classes/wcds/dbi/oracle/cwms/CwmsTimeSeriesDaoImpl$ElevationList.class
	jars will be overridden by file /wm/wmsoft/cwms/v3.2.2.210430/classes/wcds/dbi/oracle/cwms/CwmsTimeSeriesDaoImpl.class

Sep 29, 2021 8:11:08 AM hec.data.DatabaseParameterLoader getBufferedReader
INFO: Reading paramater resource file from classpath: config/db/definitions/db_parameters_units.def
Sep 29, 2021 8:11:08 AM hec.data.DatabaseParameterLoader getBufferedReader
INFO: Reading paramater resource file from classpath: config/db/definitions/db_parameters_units.def
Sep 29, 2021 8:11:08 AM hec.data.DatabaseParameterLoader getBufferedReader
INFO: Reading paramater resource file from classpath: config/db/definitions/db_parameters_units.def
Sep 29, 2021 8:11:08 AM hec.data.ResourceFileParameterLoader getBufferedReader
INFO: Reading parameter resource file from file system: {}
Sep 29, 2021 8:11:08 AM hec.data.ResourceFileParameterLoader validate
WARNING: Error reading parameter resource file input stream
java.io.FileNotFoundException: /wm/nwo/g7cwpa30/config/db/definitions/parameters_units.def (No such file or directory)
	at java.io.FileInputStream.open0(Native Method)
	at java.io.FileInputStream.open(FileInputStream.java:195)
	at java.io.FileInputStream.<init>(FileInputStream.java:138)
	at java.io.FileInputStream.<init>(FileInputStream.java:93)
	at java.io.FileReader.<init>(FileReader.java:58)
	at hec.data.ResourceFileParameterLoader.getBufferedReader(ResourceFileParameterLoader.java:107)
	at hec.data.ResourceFileParameterLoader.validate(ResourceFileParameterLoader.java:130)
	at hec.data.ParameterLookup.loadParameters(ParameterLookup.java:67)
	at hec.data.Parameter.lookupLoadParameters(Parameter.java:1025)
	at hec.data.Parameter.loadParameters(Parameter.java:1135)
	at hec.data.Parameter.<clinit>(Parameter.java:238)
	at java.lang.Class.forName0(Native Method)
	at java.lang.Class.forName(Class.java:348)
	at org.python.core.Py.loadAndInitClass(Py.java:991)
	at org.python.core.Py.findClassInternal(Py.java:926)
	at org.python.core.Py.findClassEx(Py.java:977)
	at org.python.core.packagecache.SysPackageManager.findClass(SysPackageManager.java:133)
	at org.python.core.packagecache.PackageManager.findClass(PackageManager.java:33)
	at org.python.core.packagecache.SysPackageManager.findClass(SysPackageManager.java:122)
	at org.python.core.PyJavaPackage.__findattr_ex__(PyJavaPackage.java:134)
	at org.python.core.PyObject.__findattr__(PyObject.java:946)
	at org.python.core.imp.importFromAs(imp.java:1160)
	at org.python.core.imp.importFrom(imp.java:1132)
	at DBAPI$py.f$0(__pyclasspath__/DBAPI.py:2825)
	at DBAPI$py.call_function(__pyclasspath__/DBAPI.py)
	at org.python.core.PyTableCode.call(PyTableCode.java:167)
	at org.python.core.PyCode.call(PyCode.java:18)
	at org.python.core.imp.createFromCode(imp.java:436)
	at org.python.core.util.importer.importer_load_module(importer.java:109)
	at org.python.core.ClasspathPyImporter.ClasspathPyImporter_load_module(ClasspathPyImporter.java:64)
	at org.python.core.ClasspathPyImporter$ClasspathPyImporter_load_module_exposer.__call__(Unknown Source)
	at org.python.core.PyBuiltinMethodNarrow.__call__(PyBuiltinMethodNarrow.java:46)
	at org.python.core.imp.loadFromLoader(imp.java:587)
	at org.python.core.imp.find_module(imp.java:537)
	at org.python.core.imp.import_next(imp.java:840)
	at org.python.core.imp.import_module_level(imp.java:959)
	at org.python.core.imp.importName(imp.java:1062)
	at org.python.core.ImportFunction.__call__(__builtin__.java:1280)
	at org.python.core.PyObject.__call__(PyObject.java:431)
	at org.python.core.__builtin__.__import__(__builtin__.java:1232)
	at org.python.core.imp.importOne(imp.java:1081)
	at org.python.pycode._pyx0.f$0(Reservoir_MrbwmElevInflowOutflow_Plots.py:306)
	at org.python.pycode._pyx0.call_function(Reservoir_MrbwmElevInflowOutflow_Plots.py)
	at org.python.core.PyTableCode.call(PyTableCode.java:167)
	at org.python.core.PyCode.call(PyCode.java:18)
	at org.python.core.Py.runCode(Py.java:1386)
	at org.python.util.PythonInterpreter.execfile(PythonInterpreter.java:296)
	at org.python.util.jython.run(jython.java:362)
	at org.python.util.jython.main(jython.java:142)

OsName =  sunos
CronjobsDirectory =  /wm/nwo/g7cwpa30/cronjobs/ 	Script Directory =  /wm/nwo/g7cwpa30/cronjobs/Plots/ 	Image Directory =  /wm/nwo/g7cwpa30/cronjobs/Plots/Images/MRBWM/
readFile: reading /wm/nwo/g7cwpa30/config/properties/dbi.conf
Sep 29, 2021 8:11:13 AM usace.cwms.db.jooq.util.ConnectionPersistenceManager <init>
INFO: Connection persistence disabled. To enable set system property cwms.connection.persist=true
Connected to Oracle Database 19c Enterprise Edition Release 19.0.0.0.0 - Production 155.77.185.12:1521/G6CWMSP1 as user G7CWPA30, office NWDM, via CWMS_PRODUCTION_ACCOUNT
Loaded debug logging properties file: /wm/nwo/g7cwpa30/config/properties/logger.properties
OS Name is SunOS
Closing Oracle Database 19c Enterprise Edition Release 19.0.0.0.0 - Production 155.77.185.12:1521/G6CWMSP1
Debug Line 301   |	Database connection closed
Sep 29, 2021 8:11:34 AM usace.cwms.db.jooq.util.ConnectionPoolUcp shutdownHook_aroundBody2
INFO: Closing all database connections before exiting.

Notes from /wm/wmsoft/cwms/v3.2.2.210430/bin/cwmsClasspath
	jars will be overridden by file /wm/wmsoft/cwms/v3.2.2.210430/classes/wcds/dbi/client/RmiDbiWrapper.class
	jars will be overridden by file /wm/wmsoft/cwms/v3.2.2.210430/classes/wcds/dbi/oracle/cwms/CwmsTimeSeriesDaoImpl$1.class
	jars will be overridden by file /wm/wmsoft/cwms/v3.2.2.210430/classes/wcds/dbi/oracle/cwms/CwmsTimeSeriesDaoImpl$ElevationList.class
	jars will be overridden by file /wm/wmsoft/cwms/v3.2.2.210430/classes/wcds/dbi/oracle/cwms/CwmsTimeSeriesDaoImpl.class

Sep 29, 2021 8:11:41 AM hec.data.DatabaseParameterLoader getBufferedReader
INFO: Reading paramater resource file from classpath: config/db/definitions/db_parameters_units.def
Sep 29, 2021 8:11:41 AM hec.data.DatabaseParameterLoader getBufferedReader
INFO: Reading paramater resource file from classpath: config/db/definitions/db_parameters_units.def
Sep 29, 2021 8:11:41 AM hec.data.DatabaseParameterLoader getBufferedReader
INFO: Reading paramater resource file from classpath: config/db/definitions/db_parameters_units.def
Sep 29, 2021 8:11:41 AM hec.data.ResourceFileParameterLoader getBufferedReader
INFO: Reading parameter resource file from file system: {}
Sep 29, 2021 8:11:41 AM hec.data.ResourceFileParameterLoader validate
WARNING: Error reading parameter resource file input stream
java.io.FileNotFoundException: /wm/nwo/g7cwpa30/config/db/definitions/parameters_units.def (No such file or directory)
	at java.io.FileInputStream.open0(Native Method)
	at java.io.FileInputStream.open(FileInputStream.java:195)
	at java.io.FileInputStream.<init>(FileInputStream.java:138)
	at java.io.FileInputStream.<init>(FileInputStream.java:93)
	at java.io.FileReader.<init>(FileReader.java:58)
	at hec.data.ResourceFileParameterLoader.getBufferedReader(ResourceFileParameterLoader.java:107)
	at hec.data.ResourceFileParameterLoader.validate(ResourceFileParameterLoader.java:130)
	at hec.data.ParameterLookup.loadParameters(ParameterLookup.java:67)
	at hec.data.Parameter.lookupLoadParameters(Parameter.java:1025)
	at hec.data.Parameter.loadParameters(Parameter.java:1135)
	at hec.data.Parameter.<clinit>(Parameter.java:238)
	at java.lang.Class.forName0(Native Method)
	at java.lang.Class.forName(Class.java:348)
	at org.python.core.Py.loadAndInitClass(Py.java:991)
	at org.python.core.Py.findClassInternal(Py.java:926)
	at org.python.core.Py.findClassEx(Py.java:977)
	at org.python.core.packagecache.SysPackageManager.findClass(SysPackageManager.java:133)
	at org.python.core.packagecache.PackageManager.findClass(PackageManager.java:33)
	at org.python.core.packagecache.SysPackageManager.findClass(SysPackageManager.java:122)
	at org.python.core.PyJavaPackage.__findattr_ex__(PyJavaPackage.java:134)
	at org.python.core.PyObject.__findattr__(PyObject.java:946)
	at org.python.core.imp.importFromAs(imp.java:1160)
	at org.python.core.imp.importFrom(imp.java:1132)
	at DBAPI$py.f$0(__pyclasspath__/DBAPI.py:2825)
	at DBAPI$py.call_function(__pyclasspath__/DBAPI.py)
	at org.python.core.PyTableCode.call(PyTableCode.java:167)
	at org.python.core.PyCode.call(PyCode.java:18)
	at org.python.core.imp.createFromCode(imp.java:436)
	at org.python.core.util.importer.importer_load_module(importer.java:109)
	at org.python.core.ClasspathPyImporter.ClasspathPyImporter_load_module(ClasspathPyImporter.java:64)
	at org.python.core.ClasspathPyImporter$ClasspathPyImporter_load_module_exposer.__call__(Unknown Source)
	at org.python.core.PyBuiltinMethodNarrow.__call__(PyBuiltinMethodNarrow.java:46)
	at org.python.core.imp.loadFromLoader(imp.java:587)
	at org.python.core.imp.find_module(imp.java:537)
	at org.python.core.imp.import_next(imp.java:840)
	at org.python.core.imp.import_module_level(imp.java:959)
	at org.python.core.imp.importName(imp.java:1062)
	at org.python.core.ImportFunction.__call__(__builtin__.java:1280)
	at org.python.core.PyObject.__call__(PyObject.java:431)
	at org.python.core.__builtin__.__import__(__builtin__.java:1232)
	at org.python.core.imp.importOne(imp.java:1081)
	at org.python.pycode._pyx0.f$0(Reservoir_MrbwmElevInflowOutflowZones_Plots.py:305)
	at org.python.pycode._pyx0.call_function(Reservoir_MrbwmElevInflowOutflowZones_Plots.py)
	at org.python.core.PyTableCode.call(PyTableCode.java:167)
	at org.python.core.PyCode.call(PyCode.java:18)
	at org.python.core.Py.runCode(Py.java:1386)
	at org.python.util.PythonInterpreter.execfile(PythonInterpreter.java:296)
	at org.python.util.jython.run(jython.java:362)
	at org.python.util.jython.main(jython.java:142)

OsName =  sunos
CronjobsDirectory =  /wm/nwo/g7cwpa30/cronjobs/ 	Script Directory =  /wm/nwo/g7cwpa30/cronjobs/Plots/ 	Image Directory =  /wm/nwo/g7cwpa30/cronjobs/Plots/Images/MRBWM/
readFile: reading /wm/nwo/g7cwpa30/config/properties/dbi.conf
Sep 29, 2021 8:11:46 AM usace.cwms.db.jooq.util.ConnectionPersistenceManager <init>
INFO: Connection persistence disabled. To enable set system property cwms.connection.persist=true
Connected to Oracle Database 19c Enterprise Edition Release 19.0.0.0.0 - Production 155.77.185.12:1521/G6CWMSP1 as user G7CWPA30, office NWDM, via CWMS_PRODUCTION_ACCOUNT
Loaded debug logging properties file: /wm/nwo/g7cwpa30/config/properties/logger.properties
OS Name is SunOS
Closing Oracle Database 19c Enterprise Edition Release 19.0.0.0.0 - Production 155.77.185.12:1521/G6CWMSP1
Debug Line 304   |	Database connection closed
Sep 29, 2021 8:12:05 AM usace.cwms.db.jooq.util.ConnectionPoolUcp shutdownHook_aroundBody2
INFO: Closing all database connections before exiting.

Notes from /wm/wmsoft/cwms/v3.2.2.210430/bin/cwmsClasspath
	jars will be overridden by file /wm/wmsoft/cwms/v3.2.2.210430/classes/wcds/dbi/client/RmiDbiWrapper.class
	jars will be overridden by file /wm/wmsoft/cwms/v3.2.2.210430/classes/wcds/dbi/oracle/cwms/CwmsTimeSeriesDaoImpl$1.class
	jars will be overridden by file /wm/wmsoft/cwms/v3.2.2.210430/classes/wcds/dbi/oracle/cwms/CwmsTimeSeriesDaoImpl$ElevationList.class
	jars will be overridden by file /wm/wmsoft/cwms/v3.2.2.210430/classes/wcds/dbi/oracle/cwms/CwmsTimeSeriesDaoImpl.class

Sep 29, 2021 8:12:12 AM hec.data.DatabaseParameterLoader getBufferedReader
INFO: Reading paramater resource file from classpath: config/db/definitions/db_parameters_units.def
Sep 29, 2021 8:12:12 AM hec.data.DatabaseParameterLoader getBufferedReader
INFO: Reading paramater resource file from classpath: config/db/definitions/db_parameters_units.def
Sep 29, 2021 8:12:12 AM hec.data.DatabaseParameterLoader getBufferedReader
INFO: Reading paramater resource file from classpath: config/db/definitions/db_parameters_units.def
Sep 29, 2021 8:12:12 AM hec.data.ResourceFileParameterLoader getBufferedReader
INFO: Reading parameter resource file from file system: {}
Sep 29, 2021 8:12:12 AM hec.data.ResourceFileParameterLoader validate
WARNING: Error reading parameter resource file input stream
java.io.FileNotFoundException: /wm/nwo/g7cwpa30/config/db/definitions/parameters_units.def (No such file or directory)
	at java.io.FileInputStream.open0(Native Method)
	at java.io.FileInputStream.open(FileInputStream.java:195)
	at java.io.FileInputStream.<init>(FileInputStream.java:138)
	at java.io.FileInputStream.<init>(FileInputStream.java:93)
	at java.io.FileReader.<init>(FileReader.java:58)
	at hec.data.ResourceFileParameterLoader.getBufferedReader(ResourceFileParameterLoader.java:107)
	at hec.data.ResourceFileParameterLoader.validate(ResourceFileParameterLoader.java:130)
	at hec.data.ParameterLookup.loadParameters(ParameterLookup.java:67)
	at hec.data.Parameter.lookupLoadParameters(Parameter.java:1025)
	at hec.data.Parameter.loadParameters(Parameter.java:1135)
	at hec.data.Parameter.<clinit>(Parameter.java:238)
	at java.lang.Class.forName0(Native Method)
	at java.lang.Class.forName(Class.java:348)
	at org.python.core.Py.loadAndInitClass(Py.java:991)
	at org.python.core.Py.findClassInternal(Py.java:926)
	at org.python.core.Py.findClassEx(Py.java:977)
	at org.python.core.packagecache.SysPackageManager.findClass(SysPackageManager.java:133)
	at org.python.core.packagecache.PackageManager.findClass(PackageManager.java:33)
	at org.python.core.packagecache.SysPackageManager.findClass(SysPackageManager.java:122)
	at org.python.core.PyJavaPackage.__findattr_ex__(PyJavaPackage.java:134)
	at org.python.core.PyObject.__findattr__(PyObject.java:946)
	at org.python.core.imp.importFromAs(imp.java:1160)
	at org.python.core.imp.importFrom(imp.java:1132)
	at DBAPI$py.f$0(__pyclasspath__/DBAPI.py:2825)
	at DBAPI$py.call_function(__pyclasspath__/DBAPI.py)
	at org.python.core.PyTableCode.call(PyTableCode.java:167)
	at org.python.core.PyCode.call(PyCode.java:18)
	at org.python.core.imp.createFromCode(imp.java:436)
	at org.python.core.util.importer.importer_load_module(importer.java:109)
	at org.python.core.ClasspathPyImporter.ClasspathPyImporter_load_module(ClasspathPyImporter.java:64)
	at org.python.core.ClasspathPyImporter$ClasspathPyImporter_load_module_exposer.__call__(Unknown Source)
	at org.python.core.PyBuiltinMethodNarrow.__call__(PyBuiltinMethodNarrow.java:46)
	at org.python.core.imp.loadFromLoader(imp.java:587)
	at org.python.core.imp.find_module(imp.java:537)
	at org.python.core.imp.import_next(imp.java:840)
	at org.python.core.imp.import_module_level(imp.java:959)
	at org.python.core.imp.importName(imp.java:1062)
	at org.python.core.ImportFunction.__call__(__builtin__.java:1280)
	at org.python.core.PyObject.__call__(PyObject.java:431)
	at org.python.core.__builtin__.__import__(__builtin__.java:1232)
	at org.python.core.imp.importOne(imp.java:1081)
	at org.python.pycode._pyx0.f$0(Reservoir_MrbwmMinElevInflowOutflowPrecipStor_Plots.py:313)
	at org.python.pycode._pyx0.call_function(Reservoir_MrbwmMinElevInflowOutflowPrecipStor_Plots.py)
	at org.python.core.PyTableCode.call(PyTableCode.java:167)
	at org.python.core.PyCode.call(PyCode.java:18)
	at org.python.core.Py.runCode(Py.java:1386)
	at org.python.util.PythonInterpreter.execfile(PythonInterpreter.java:296)
	at org.python.util.jython.run(jython.java:362)
	at org.python.util.jython.main(jython.java:142)

OsName =  sunos
CronjobsDirectory =  /wm/nwo/g7cwpa30/cronjobs/ 	Script Directory =  /wm/nwo/g7cwpa30/cronjobs/Plots/ 	Image Directory =  /wm/nwo/g7cwpa30/cronjobs/Plots/Images/MRBWM/
readFile: reading /wm/nwo/g7cwpa30/config/properties/dbi.conf
Sep 29, 2021 8:12:17 AM usace.cwms.db.jooq.util.ConnectionPersistenceManager <init>
INFO: Connection persistence disabled. To enable set system property cwms.connection.persist=true
Connected to Oracle Database 19c Enterprise Edition Release 19.0.0.0.0 - Production 155.77.185.12:1521/G6CWMSP1 as user G7CWPA30, office NWDM, via CWMS_PRODUCTION_ACCOUNT
Loaded debug logging properties file: /wm/nwo/g7cwpa30/config/properties/logger.properties
OS Name is SunOS
Closing Oracle Database 19c Enterprise Edition Release 19.0.0.0.0 - Production 155.77.185.12:1521/G6CWMSP1
Debug Line 308   |	Database connection closed
Sep 29, 2021 8:14:07 AM usace.cwms.db.jooq.util.ConnectionPoolUcp shutdownHook_aroundBody2
INFO: Closing all database connections before exiting.

Notes from /wm/wmsoft/cwms/v3.2.2.210430/bin/cwmsClasspath
	jars will be overridden by file /wm/wmsoft/cwms/v3.2.2.210430/classes/wcds/dbi/client/RmiDbiWrapper.class
	jars will be overridden by file /wm/wmsoft/cwms/v3.2.2.210430/classes/wcds/dbi/oracle/cwms/CwmsTimeSeriesDaoImpl$1.class
	jars will be overridden by file /wm/wmsoft/cwms/v3.2.2.210430/classes/wcds/dbi/oracle/cwms/CwmsTimeSeriesDaoImpl$ElevationList.class
	jars will be overridden by file /wm/wmsoft/cwms/v3.2.2.210430/classes/wcds/dbi/oracle/cwms/CwmsTimeSeriesDaoImpl.class

Sep 29, 2021 8:14:14 AM hec.data.DatabaseParameterLoader getBufferedReader
INFO: Reading paramater resource file from classpath: config/db/definitions/db_parameters_units.def
Sep 29, 2021 8:14:14 AM hec.data.DatabaseParameterLoader getBufferedReader
INFO: Reading paramater resource file from classpath: config/db/definitions/db_parameters_units.def
Sep 29, 2021 8:14:14 AM hec.data.DatabaseParameterLoader getBufferedReader
INFO: Reading paramater resource file from classpath: config/db/definitions/db_parameters_units.def
Sep 29, 2021 8:14:14 AM hec.data.ResourceFileParameterLoader getBufferedReader
INFO: Reading parameter resource file from file system: {}
Sep 29, 2021 8:14:14 AM hec.data.ResourceFileParameterLoader validate
WARNING: Error reading parameter resource file input stream
java.io.FileNotFoundException: /wm/nwo/g7cwpa30/config/db/definitions/parameters_units.def (No such file or directory)
	at java.io.FileInputStream.open0(Native Method)
	at java.io.FileInputStream.open(FileInputStream.java:195)
	at java.io.FileInputStream.<init>(FileInputStream.java:138)
	at java.io.FileInputStream.<init>(FileInputStream.java:93)
	at java.io.FileReader.<init>(FileReader.java:58)
	at hec.data.ResourceFileParameterLoader.getBufferedReader(ResourceFileParameterLoader.java:107)
	at hec.data.ResourceFileParameterLoader.validate(ResourceFileParameterLoader.java:130)
	at hec.data.ParameterLookup.loadParameters(ParameterLookup.java:67)
	at hec.data.Parameter.lookupLoadParameters(Parameter.java:1025)
	at hec.data.Parameter.loadParameters(Parameter.java:1135)
	at hec.data.Parameter.<clinit>(Parameter.java:238)
	at java.lang.Class.forName0(Native Method)
	at java.lang.Class.forName(Class.java:348)
	at org.python.core.Py.loadAndInitClass(Py.java:991)
	at org.python.core.Py.findClassInternal(Py.java:926)
	at org.python.core.Py.findClassEx(Py.java:977)
	at org.python.core.packagecache.SysPackageManager.findClass(SysPackageManager.java:133)
	at org.python.core.packagecache.PackageManager.findClass(PackageManager.java:33)
	at org.python.core.packagecache.SysPackageManager.findClass(SysPackageManager.java:122)
	at org.python.core.PyJavaPackage.__findattr_ex__(PyJavaPackage.java:134)
	at org.python.core.PyObject.__findattr__(PyObject.java:946)
	at org.python.core.imp.importFromAs(imp.java:1160)
	at org.python.core.imp.importFrom(imp.java:1132)
	at DBAPI$py.f$0(__pyclasspath__/DBAPI.py:2825)
	at DBAPI$py.call_function(__pyclasspath__/DBAPI.py)
	at org.python.core.PyTableCode.call(PyTableCode.java:167)
	at org.python.core.PyCode.call(PyCode.java:18)
	at org.python.core.imp.createFromCode(imp.java:436)
	at org.python.core.util.importer.importer_load_module(importer.java:109)
	at org.python.core.ClasspathPyImporter.ClasspathPyImporter_load_module(ClasspathPyImporter.java:64)
	at org.python.core.ClasspathPyImporter$ClasspathPyImporter_load_module_exposer.__call__(Unknown Source)
	at org.python.core.PyBuiltinMethodNarrow.__call__(PyBuiltinMethodNarrow.java:46)
	at org.python.core.imp.loadFromLoader(imp.java:587)
	at org.python.core.imp.find_module(imp.java:537)
	at org.python.core.imp.import_next(imp.java:840)
	at org.python.core.imp.import_module_level(imp.java:959)
	at org.python.core.imp.importName(imp.java:1062)
	at org.python.core.ImportFunction.__call__(__builtin__.java:1280)
	at org.python.core.PyObject.__call__(PyObject.java:431)
	at org.python.core.__builtin__.__import__(__builtin__.java:1232)
	at org.python.core.imp.importOne(imp.java:1081)
	at org.python.pycode._pyx0.f$0(River_MrbwmPirGagesStage_Plots.py:304)
	at org.python.pycode._pyx0.call_function(River_MrbwmPirGagesStage_Plots.py)
	at org.python.core.PyTableCode.call(PyTableCode.java:167)
	at org.python.core.PyCode.call(PyCode.java:18)
	at org.python.core.Py.runCode(Py.java:1386)
	at org.python.util.PythonInterpreter.execfile(PythonInterpreter.java:296)
	at org.python.util.jython.run(jython.java:362)
	at org.python.util.jython.main(jython.java:142)

OsName =  sunos
CronjobsDirectory =  /wm/nwo/g7cwpa30/cronjobs/ 	Script Directory =  /wm/nwo/g7cwpa30/cronjobs/Plots/ 	Image Directory =  /wm/nwo/g7cwpa30/cronjobs/Plots/Images/MRBWM/
readFile: reading /wm/nwo/g7cwpa30/config/properties/dbi.conf
Sep 29, 2021 8:14:18 AM usace.cwms.db.jooq.util.ConnectionPersistenceManager <init>
INFO: Connection persistence disabled. To enable set system property cwms.connection.persist=true
Connected to Oracle Database 19c Enterprise Edition Release 19.0.0.0.0 - Production 155.77.185.12:1521/G6CWMSP1 as user G7CWPA30, office NWDM, via CWMS_PRODUCTION_ACCOUNT
Loaded debug logging properties file: /wm/nwo/g7cwpa30/config/properties/logger.properties
OS Name is SunOS
Closing Oracle Database 19c Enterprise Edition Release 19.0.0.0.0 - Production 155.77.185.12:1521/G6CWMSP1
Debug Line 299   |	Database connection closed

Notes from /wm/wmsoft/cwms/v3.2.2.210430/bin/cwmsClasspath
	jars will be overridden by file /wm/wmsoft/cwms/v3.2.2.210430/classes/wcds/dbi/client/RmiDbiWrapper.class
	jars will be overridden by file /wm/wmsoft/cwms/v3.2.2.210430/classes/wcds/dbi/oracle/cwms/CwmsTimeSeriesDaoImpl$1.class
	jars will be overridden by file /wm/wmsoft/cwms/v3.2.2.210430/classes/wcds/dbi/oracle/cwms/CwmsTimeSeriesDaoImpl$ElevationList.class
	jars will be overridden by file /wm/wmsoft/cwms/v3.2.2.210430/classes/wcds/dbi/oracle/cwms/CwmsTimeSeriesDaoImpl.class

Sep 29, 2021 8:14:40 AM hec.data.DatabaseParameterLoader getBufferedReader
INFO: Reading paramater resource file from classpath: config/db/definitions/db_parameters_units.def
Sep 29, 2021 8:14:40 AM hec.data.DatabaseParameterLoader getBufferedReader
INFO: Reading paramater resource file from classpath: config/db/definitions/db_parameters_units.def
Sep 29, 2021 8:14:40 AM hec.data.DatabaseParameterLoader getBufferedReader
INFO: Reading paramater resource file from classpath: config/db/definitions/db_parameters_units.def
Sep 29, 2021 8:14:40 AM hec.data.ResourceFileParameterLoader getBufferedReader
INFO: Reading parameter resource file from file system: {}
Sep 29, 2021 8:14:40 AM hec.data.ResourceFileParameterLoader validate
WARNING: Error reading parameter resource file input stream
java.io.FileNotFoundException: /wm/nwo/g7cwpa30/config/db/definitions/parameters_units.def (No such file or directory)
	at java.io.FileInputStream.open0(Native Method)
	at java.io.FileInputStream.open(FileInputStream.java:195)
	at java.io.FileInputStream.<init>(FileInputStream.java:138)
	at java.io.FileInputStream.<init>(FileInputStream.java:93)
	at java.io.FileReader.<init>(FileReader.java:58)
	at hec.data.ResourceFileParameterLoader.getBufferedReader(ResourceFileParameterLoader.java:107)
	at hec.data.ResourceFileParameterLoader.validate(ResourceFileParameterLoader.java:130)
	at hec.data.ParameterLookup.loadParameters(ParameterLookup.java:67)
	at hec.data.Parameter.lookupLoadParameters(Parameter.java:1025)
	at hec.data.Parameter.loadParameters(Parameter.java:1135)
	at hec.data.Parameter.<clinit>(Parameter.java:238)
	at java.lang.Class.forName0(Native Method)
	at java.lang.Class.forName(Class.java:348)
	at org.python.core.Py.loadAndInitClass(Py.java:991)
	at org.python.core.Py.findClassInternal(Py.java:926)
	at org.python.core.Py.findClassEx(Py.java:977)
	at org.python.core.packagecache.SysPackageManager.findClass(SysPackageManager.java:133)
	at org.python.core.packagecache.PackageManager.findClass(PackageManager.java:33)
	at org.python.core.packagecache.SysPackageManager.findClass(SysPackageManager.java:122)
	at org.python.core.PyJavaPackage.__findattr_ex__(PyJavaPackage.java:134)
	at org.python.core.PyObject.__findattr__(PyObject.java:946)
	at org.python.core.imp.importFromAs(imp.java:1160)
	at org.python.core.imp.importFrom(imp.java:1132)
	at DBAPI$py.f$0(__pyclasspath__/DBAPI.py:2825)
	at DBAPI$py.call_function(__pyclasspath__/DBAPI.py)
	at org.python.core.PyTableCode.call(PyTableCode.java:167)
	at org.python.core.PyCode.call(PyCode.java:18)
	at org.python.core.imp.createFromCode(imp.java:436)
	at org.python.core.util.importer.importer_load_module(importer.java:109)
	at org.python.core.ClasspathPyImporter.ClasspathPyImporter_load_module(ClasspathPyImporter.java:64)
	at org.python.core.ClasspathPyImporter$ClasspathPyImporter_load_module_exposer.__call__(Unknown Source)
	at org.python.core.PyBuiltinMethodNarrow.__call__(PyBuiltinMethodNarrow.java:46)
	at org.python.core.imp.loadFromLoader(imp.java:587)
	at org.python.core.imp.find_module(imp.java:537)
	at org.python.core.imp.import_next(imp.java:840)
	at org.python.core.imp.import_module_level(imp.java:959)
	at org.python.core.imp.importName(imp.java:1062)
	at org.python.core.ImportFunction.__call__(__builtin__.java:1280)
	at org.python.core.PyObject.__call__(PyObject.java:431)
	at org.python.core.__builtin__.__import__(__builtin__.java:1232)
	at org.python.core.imp.importOne(imp.java:1081)
	at org.python.pycode._pyx0.f$0(River_MrbwmGrftFlow_Plots.py:312)
	at org.python.pycode._pyx0.call_function(River_MrbwmGrftFlow_Plots.py)
	at org.python.core.PyTableCode.call(PyTableCode.java:167)
	at org.python.core.PyCode.call(PyCode.java:18)
	at org.python.core.Py.runCode(Py.java:1386)
	at org.python.util.PythonInterpreter.execfile(PythonInterpreter.java:296)
	at org.python.util.jython.run(jython.java:362)
	at org.python.util.jython.main(jython.java:142)

OsName =  sunos
CronjobsDirectory =  /wm/nwo/g7cwpa30/cronjobs/ 	Script Directory =  /wm/nwo/g7cwpa30/cronjobs/Plots/ 	Image Directory =  /wm/nwo/g7cwpa30/cronjobs/Plots/Images/MRBWM/
readFile: reading /wm/nwo/g7cwpa30/config/properties/dbi.conf
Sep 29, 2021 8:14:45 AM usace.cwms.db.jooq.util.ConnectionPersistenceManager <init>
INFO: Connection persistence disabled. To enable set system property cwms.connection.persist=true
Connected to Oracle Database 19c Enterprise Edition Release 19.0.0.0.0 - Production 155.77.185.12:1521/G6CWMSP1 as user G7CWPA30, office NWDM, via CWMS_PRODUCTION_ACCOUNT
Loaded debug logging properties file: /wm/nwo/g7cwpa30/config/properties/logger.properties
OS Name is SunOS
Closing Oracle Database 19c Enterprise Edition Release 19.0.0.0.0 - Production 155.77.185.12:1521/G6CWMSP1
Debug Line 307   |	Database connection closed
Sep 29, 2021 8:15:05 AM usace.cwms.db.jooq.util.ConnectionPoolUcp shutdownHook_aroundBody2
INFO: Closing all database connections before exiting.

Notes from /wm/wmsoft/cwms/v3.2.2.210430/bin/cwmsClasspath
	jars will be overridden by file /wm/wmsoft/cwms/v3.2.2.210430/classes/wcds/dbi/client/RmiDbiWrapper.class
	jars will be overridden by file /wm/wmsoft/cwms/v3.2.2.210430/classes/wcds/dbi/oracle/cwms/CwmsTimeSeriesDaoImpl$1.class
	jars will be overridden by file /wm/wmsoft/cwms/v3.2.2.210430/classes/wcds/dbi/oracle/cwms/CwmsTimeSeriesDaoImpl$ElevationList.class
	jars will be overridden by file /wm/wmsoft/cwms/v3.2.2.210430/classes/wcds/dbi/oracle/cwms/CwmsTimeSeriesDaoImpl.class

Sep 29, 2021 8:15:12 AM hec.data.DatabaseParameterLoader getBufferedReader
INFO: Reading paramater resource file from classpath: config/db/definitions/db_parameters_units.def
Sep 29, 2021 8:15:12 AM hec.data.DatabaseParameterLoader getBufferedReader
INFO: Reading paramater resource file from classpath: config/db/definitions/db_parameters_units.def
Sep 29, 2021 8:15:12 AM hec.data.DatabaseParameterLoader getBufferedReader
INFO: Reading paramater resource file from classpath: config/db/definitions/db_parameters_units.def
Sep 29, 2021 8:15:12 AM hec.data.ResourceFileParameterLoader getBufferedReader
INFO: Reading parameter resource file from file system: {}
Sep 29, 2021 8:15:12 AM hec.data.ResourceFileParameterLoader validate
WARNING: Error reading parameter resource file input stream
java.io.FileNotFoundException: /wm/nwo/g7cwpa30/config/db/definitions/parameters_units.def (No such file or directory)
	at java.io.FileInputStream.open0(Native Method)
	at java.io.FileInputStream.open(FileInputStream.java:195)
	at java.io.FileInputStream.<init>(FileInputStream.java:138)
	at java.io.FileInputStream.<init>(FileInputStream.java:93)
	at java.io.FileReader.<init>(FileReader.java:58)
	at hec.data.ResourceFileParameterLoader.getBufferedReader(ResourceFileParameterLoader.java:107)
	at hec.data.ResourceFileParameterLoader.validate(ResourceFileParameterLoader.java:130)
	at hec.data.ParameterLookup.loadParameters(ParameterLookup.java:67)
	at hec.data.Parameter.lookupLoadParameters(Parameter.java:1025)
	at hec.data.Parameter.loadParameters(Parameter.java:1135)
	at hec.data.Parameter.<clinit>(Parameter.java:238)
	at java.lang.Class.forName0(Native Method)
	at java.lang.Class.forName(Class.java:348)
	at org.python.core.Py.loadAndInitClass(Py.java:991)
	at org.python.core.Py.findClassInternal(Py.java:926)
	at org.python.core.Py.findClassEx(Py.java:977)
	at org.python.core.packagecache.SysPackageManager.findClass(SysPackageManager.java:133)
	at org.python.core.packagecache.PackageManager.findClass(PackageManager.java:33)
	at org.python.core.packagecache.SysPackageManager.findClass(SysPackageManager.java:122)
	at org.python.core.PyJavaPackage.__findattr_ex__(PyJavaPackage.java:134)
	at org.python.core.PyObject.__findattr__(PyObject.java:946)
	at org.python.core.imp.importFromAs(imp.java:1160)
	at org.python.core.imp.importFrom(imp.java:1132)
	at DBAPI$py.f$0(__pyclasspath__/DBAPI.py:2825)
	at DBAPI$py.call_function(__pyclasspath__/DBAPI.py)
	at org.python.core.PyTableCode.call(PyTableCode.java:167)
	at org.python.core.PyCode.call(PyCode.java:18)
	at org.python.core.imp.createFromCode(imp.java:436)
	at org.python.core.util.importer.importer_load_module(importer.java:109)
	at org.python.core.ClasspathPyImporter.ClasspathPyImporter_load_module(ClasspathPyImporter.java:64)
	at org.python.core.ClasspathPyImporter$ClasspathPyImporter_load_module_exposer.__call__(Unknown Source)
	at org.python.core.PyBuiltinMethodNarrow.__call__(PyBuiltinMethodNarrow.java:46)
	at org.python.core.imp.loadFromLoader(imp.java:587)
	at org.python.core.imp.find_module(imp.java:537)
	at org.python.core.imp.import_next(imp.java:840)
	at org.python.core.imp.import_module_level(imp.java:959)
	at org.python.core.imp.importName(imp.java:1062)
	at org.python.core.ImportFunction.__call__(__builtin__.java:1280)
	at org.python.core.PyObject.__call__(PyObject.java:431)
	at org.python.core.__builtin__.__import__(__builtin__.java:1232)
	at org.python.core.imp.importOne(imp.java:1081)
	at org.python.pycode._pyx0.f$0(River_MrbwmCompareStageFlow_Plots.py:415)
	at org.python.pycode._pyx0.call_function(River_MrbwmCompareStageFlow_Plots.py)
	at org.python.core.PyTableCode.call(PyTableCode.java:167)
	at org.python.core.PyCode.call(PyCode.java:18)
	at org.python.core.Py.runCode(Py.java:1386)
	at org.python.util.PythonInterpreter.execfile(PythonInterpreter.java:296)
	at org.python.util.jython.run(jython.java:362)
	at org.python.util.jython.main(jython.java:142)

OsName =  sunos
CronjobsDirectory =  /wm/nwo/g7cwpa30/cronjobs/ 	Script Directory =  /wm/nwo/g7cwpa30/cronjobs/Plots/ 	Image Directory =  /wm/nwo/g7cwpa30/cronjobs/Plots/Images/MRBWM/
Debug Line 201   |	Current Year Time window = 01Jul2021 0815 -- 29Sep2021 0815
		Last Year Time Window = 01Jul2020 0815 -- 29Sep2020 0815
readFile: reading /wm/nwo/g7cwpa30/config/properties/dbi.conf
Sep 29, 2021 8:15:17 AM usace.cwms.db.jooq.util.ConnectionPersistenceManager <init>
INFO: Connection persistence disabled. To enable set system property cwms.connection.persist=true
Connected to Oracle Database 19c Enterprise Edition Release 19.0.0.0.0 - Production 155.77.185.12:1521/G6CWMSP1 as user G7CWPA30, office NWDM, via CWMS_PRODUCTION_ACCOUNT
Loaded debug logging properties file: /wm/nwo/g7cwpa30/config/properties/logger.properties
OS Name is SunOS
Closing Oracle Database 19c Enterprise Edition Release 19.0.0.0.0 - Production 155.77.185.12:1521/G6CWMSP1
Debug Line 405   |	DBAPI connection closed
Debug Line 412   |	Java SQL connection closed
Sep 29, 2021 8:15:48 AM usace.cwms.db.jooq.util.ConnectionPoolUcp shutdownHook_aroundBody2
INFO: Closing all database connections before exiting.
Moving files to web server.
You are accessing a U.S. Government (USG) Information System (IS) that is provided for USG-authorized use only.

By using this IS (which includes any device attached to this IS), you consent to the following conditions:

-The USG routinely intercepts and monitors communications on this IS for purposes including, but not limited to, penetration testing, COMSEC monitoring, network operations and defense, personnel misconduct (PM), law enforcement (LE), and counterintelligence (CI) investigations.

-At any time, the USG may inspect and seize data stored on this IS.

-Communications using, or data stored on, this IS are not private, are subject to routine monitoring, interception, and search, and may be disclosed or used for any USG-authorized purpose.

-This IS includes security measures (e.g., authentication and access controls) to protect USG interests--not for your personal benefit or privacy.

-Notwithstanding the above, using this IS does not constitute consent to PM, LE or CI investigative searching or monitoring of the content of privileged communications, or work product, related to personal representation or services by attorneys, psychotherapists, or clergy, and their assistants. Such communications and work product are private and confidential. See User Agreement for details.
...
Finished MRBWM Plots at: Wed Sep 29 08:16:10 CDT 2021
...
