stty: : No such device or address
stty: : No such device or address
stty: : No such device or address
...
Starting NWDM Plots at: Wed Sep 29 08:11:01 CDT 2021
...
:1

Notes from /wm/wmsoft/cwms/v3.2.2.210430/bin/cwmsClasspath
	jars will be overridden by file /wm/wmsoft/cwms/v3.2.2.210430/classes/wcds/dbi/client/RmiDbiWrapper.class
	jars will be overridden by file /wm/wmsoft/cwms/v3.2.2.210430/classes/wcds/dbi/oracle/cwms/CwmsTimeSeriesDaoImpl$1.class
	jars will be overridden by file /wm/wmsoft/cwms/v3.2.2.210430/classes/wcds/dbi/oracle/cwms/CwmsTimeSeriesDaoImpl$ElevationList.class
	jars will be overridden by file /wm/wmsoft/cwms/v3.2.2.210430/classes/wcds/dbi/oracle/cwms/CwmsTimeSeriesDaoImpl.class

Sep 29, 2021 8:11:08 AM hec.data.DatabaseParameterLoader getBufferedReader
INFO: Reading paramater resource file from classpath: config/db/definitions/db_parameters_units.def
Sep 29, 2021 8:11:08 AM hec.data.DatabaseParameterLoader getBufferedReader
INFO: Reading paramater resource file from classpath: config/db/definitions/db_parameters_units.def
Sep 29, 2021 8:11:08 AM hec.data.DatabaseParameterLoader getBufferedReader
INFO: Reading paramater resource file from classpath: config/db/definitions/db_parameters_units.def
Sep 29, 2021 8:11:08 AM hec.data.ResourceFileParameterLoader getBufferedReader
INFO: Reading parameter resource file from file system: {}
Sep 29, 2021 8:11:08 AM hec.data.ResourceFileParameterLoader validate
WARNING: Error reading parameter resource file input stream
java.io.FileNotFoundException: /wm/nwo/g7cwpa30/config/db/definitions/parameters_units.def (No such file or directory)
	at java.io.FileInputStream.open0(Native Method)
	at java.io.FileInputStream.open(FileInputStream.java:195)
	at java.io.FileInputStream.<init>(FileInputStream.java:138)
	at java.io.FileInputStream.<init>(FileInputStream.java:93)
	at java.io.FileReader.<init>(FileReader.java:58)
	at hec.data.ResourceFileParameterLoader.getBufferedReader(ResourceFileParameterLoader.java:107)
	at hec.data.ResourceFileParameterLoader.validate(ResourceFileParameterLoader.java:130)
	at hec.data.ParameterLookup.loadParameters(ParameterLookup.java:67)
	at hec.data.Parameter.lookupLoadParameters(Parameter.java:1025)
	at hec.data.Parameter.loadParameters(Parameter.java:1135)
	at hec.data.Parameter.<clinit>(Parameter.java:238)
	at java.lang.Class.forName0(Native Method)
	at java.lang.Class.forName(Class.java:348)
	at org.python.core.Py.loadAndInitClass(Py.java:991)
	at org.python.core.Py.findClassInternal(Py.java:926)
	at org.python.core.Py.findClassEx(Py.java:977)
	at org.python.core.packagecache.SysPackageManager.findClass(SysPackageManager.java:133)
	at org.python.core.packagecache.PackageManager.findClass(PackageManager.java:33)
	at org.python.core.packagecache.SysPackageManager.findClass(SysPackageManager.java:122)
	at org.python.core.PyJavaPackage.__findattr_ex__(PyJavaPackage.java:134)
	at org.python.core.PyObject.__findattr__(PyObject.java:946)
	at org.python.core.imp.importFromAs(imp.java:1160)
	at org.python.core.imp.importFrom(imp.java:1132)
	at DBAPI$py.f$0(__pyclasspath__/DBAPI.py:2825)
	at DBAPI$py.call_function(__pyclasspath__/DBAPI.py)
	at org.python.core.PyTableCode.call(PyTableCode.java:167)
	at org.python.core.PyCode.call(PyCode.java:18)
	at org.python.core.imp.createFromCode(imp.java:436)
	at org.python.core.util.importer.importer_load_module(importer.java:109)
	at org.python.core.ClasspathPyImporter.ClasspathPyImporter_load_module(ClasspathPyImporter.java:64)
	at org.python.core.ClasspathPyImporter$ClasspathPyImporter_load_module_exposer.__call__(Unknown Source)
	at org.python.core.PyBuiltinMethodNarrow.__call__(PyBuiltinMethodNarrow.java:46)
	at org.python.core.imp.loadFromLoader(imp.java:587)
	at org.python.core.imp.find_module(imp.java:537)
	at org.python.core.imp.import_next(imp.java:840)
	at org.python.core.imp.import_module_level(imp.java:959)
	at org.python.core.imp.importName(imp.java:1062)
	at org.python.core.ImportFunction.__call__(__builtin__.java:1280)
	at org.python.core.PyObject.__call__(PyObject.java:431)
	at org.python.core.__builtin__.__import__(__builtin__.java:1232)
	at org.python.core.imp.importOne(imp.java:1081)
	at org.python.pycode._pyx0.f$0(Reservoir_NwdmElev_Plots.py:448)
	at org.python.pycode._pyx0.call_function(Reservoir_NwdmElev_Plots.py)
	at org.python.core.PyTableCode.call(PyTableCode.java:167)
	at org.python.core.PyCode.call(PyCode.java:18)
	at org.python.core.Py.runCode(Py.java:1386)
	at org.python.util.PythonInterpreter.execfile(PythonInterpreter.java:296)
	at org.python.util.jython.run(jython.java:362)
	at org.python.util.jython.main(jython.java:142)

OsName =  sunos
CronjobsDirectory =  /wm/nwo/g7cwpa30/cronjobs/ 	Script Directory =  /wm/nwo/g7cwpa30/cronjobs/Plots/ 	Image Directory =  /wm/nwo/g7cwpa30/cronjobs/Plots/Images/NWD/
readFile: reading /wm/nwo/g7cwpa30/config/properties/dbi.conf
Sep 29, 2021 8:11:14 AM usace.cwms.db.jooq.util.ConnectionPersistenceManager <init>
INFO: Connection persistence disabled. To enable set system property cwms.connection.persist=true
Connected to Oracle Database 19c Enterprise Edition Release 19.0.0.0.0 - Production 155.77.185.12:1521/G6CWMSP1 as user G7CWPA30, office NWDM, via CWMS_PRODUCTION_ACCOUNT
Loaded debug logging properties file: /wm/nwo/g7cwpa30/config/properties/logger.properties
OS Name is SunOS
Closing Oracle Database 19c Enterprise Edition Release 19.0.0.0.0 - Production 155.77.185.12:1521/G6CWMSP1
Debug Line 443   |	Database connection closed
Sep 29, 2021 8:11:52 AM usace.cwms.db.jooq.util.ConnectionPoolUcp shutdownHook_aroundBody2
INFO: Closing all database connections before exiting.

Notes from /wm/wmsoft/cwms/v3.2.2.210430/bin/cwmsClasspath
	jars will be overridden by file /wm/wmsoft/cwms/v3.2.2.210430/classes/wcds/dbi/client/RmiDbiWrapper.class
	jars will be overridden by file /wm/wmsoft/cwms/v3.2.2.210430/classes/wcds/dbi/oracle/cwms/CwmsTimeSeriesDaoImpl$1.class
	jars will be overridden by file /wm/wmsoft/cwms/v3.2.2.210430/classes/wcds/dbi/oracle/cwms/CwmsTimeSeriesDaoImpl$ElevationList.class
	jars will be overridden by file /wm/wmsoft/cwms/v3.2.2.210430/classes/wcds/dbi/oracle/cwms/CwmsTimeSeriesDaoImpl.class

Sep 29, 2021 8:11:59 AM hec.data.DatabaseParameterLoader getBufferedReader
INFO: Reading paramater resource file from classpath: config/db/definitions/db_parameters_units.def
Sep 29, 2021 8:11:59 AM hec.data.DatabaseParameterLoader getBufferedReader
INFO: Reading paramater resource file from classpath: config/db/definitions/db_parameters_units.def
Sep 29, 2021 8:11:59 AM hec.data.DatabaseParameterLoader getBufferedReader
INFO: Reading paramater resource file from classpath: config/db/definitions/db_parameters_units.def
Sep 29, 2021 8:11:59 AM hec.data.ResourceFileParameterLoader getBufferedReader
INFO: Reading parameter resource file from file system: {}
Sep 29, 2021 8:11:59 AM hec.data.ResourceFileParameterLoader validate
WARNING: Error reading parameter resource file input stream
java.io.FileNotFoundException: /wm/nwo/g7cwpa30/config/db/definitions/parameters_units.def (No such file or directory)
	at java.io.FileInputStream.open0(Native Method)
	at java.io.FileInputStream.open(FileInputStream.java:195)
	at java.io.FileInputStream.<init>(FileInputStream.java:138)
	at java.io.FileInputStream.<init>(FileInputStream.java:93)
	at java.io.FileReader.<init>(FileReader.java:58)
	at hec.data.ResourceFileParameterLoader.getBufferedReader(ResourceFileParameterLoader.java:107)
	at hec.data.ResourceFileParameterLoader.validate(ResourceFileParameterLoader.java:130)
	at hec.data.ParameterLookup.loadParameters(ParameterLookup.java:67)
	at hec.data.Parameter.lookupLoadParameters(Parameter.java:1025)
	at hec.data.Parameter.loadParameters(Parameter.java:1135)
	at hec.data.Parameter.<clinit>(Parameter.java:238)
	at java.lang.Class.forName0(Native Method)
	at java.lang.Class.forName(Class.java:348)
	at org.python.core.Py.loadAndInitClass(Py.java:991)
	at org.python.core.Py.findClassInternal(Py.java:926)
	at org.python.core.Py.findClassEx(Py.java:977)
	at org.python.core.packagecache.SysPackageManager.findClass(SysPackageManager.java:133)
	at org.python.core.packagecache.PackageManager.findClass(PackageManager.java:33)
	at org.python.core.packagecache.SysPackageManager.findClass(SysPackageManager.java:122)
	at org.python.core.PyJavaPackage.__findattr_ex__(PyJavaPackage.java:134)
	at org.python.core.PyObject.__findattr__(PyObject.java:946)
	at org.python.core.imp.importFromAs(imp.java:1160)
	at org.python.core.imp.importFrom(imp.java:1132)
	at DBAPI$py.f$0(__pyclasspath__/DBAPI.py:2825)
	at DBAPI$py.call_function(__pyclasspath__/DBAPI.py)
	at org.python.core.PyTableCode.call(PyTableCode.java:167)
	at org.python.core.PyCode.call(PyCode.java:18)
	at org.python.core.imp.createFromCode(imp.java:436)
	at org.python.core.util.importer.importer_load_module(importer.java:109)
	at org.python.core.ClasspathPyImporter.ClasspathPyImporter_load_module(ClasspathPyImporter.java:64)
	at org.python.core.ClasspathPyImporter$ClasspathPyImporter_load_module_exposer.__call__(Unknown Source)
	at org.python.core.PyBuiltinMethodNarrow.__call__(PyBuiltinMethodNarrow.java:46)
	at org.python.core.imp.loadFromLoader(imp.java:587)
	at org.python.core.imp.find_module(imp.java:537)
	at org.python.core.imp.import_next(imp.java:840)
	at org.python.core.imp.import_module_level(imp.java:959)
	at org.python.core.imp.importName(imp.java:1062)
	at org.python.core.ImportFunction.__call__(__builtin__.java:1280)
	at org.python.core.PyObject.__call__(PyObject.java:431)
	at org.python.core.__builtin__.__import__(__builtin__.java:1232)
	at org.python.core.imp.importOne(imp.java:1081)
	at org.python.pycode._pyx0.f$0(River_NwdmStage_Plots.py:376)
	at org.python.pycode._pyx0.call_function(River_NwdmStage_Plots.py)
	at org.python.core.PyTableCode.call(PyTableCode.java:167)
	at org.python.core.PyCode.call(PyCode.java:18)
	at org.python.core.Py.runCode(Py.java:1386)
	at org.python.util.PythonInterpreter.execfile(PythonInterpreter.java:296)
	at org.python.util.jython.run(jython.java:362)
	at org.python.util.jython.main(jython.java:142)

OsName =  sunos
CronjobsDirectory =  /wm/nwo/g7cwpa30/cronjobs/ 	Script Directory =  /wm/nwo/g7cwpa30/cronjobs/Plots/ 	Image Directory =  /wm/nwo/g7cwpa30/cronjobs/Plots/Images/NWD/
readFile: reading /wm/nwo/g7cwpa30/config/properties/dbi.conf
Sep 29, 2021 8:12:04 AM usace.cwms.db.jooq.util.ConnectionPersistenceManager <init>
INFO: Connection persistence disabled. To enable set system property cwms.connection.persist=true
Connected to Oracle Database 19c Enterprise Edition Release 19.0.0.0.0 - Production 155.77.185.12:1521/G6CWMSP1 as user G7CWPA30, office NWDM, via CWMS_PRODUCTION_ACCOUNT
Loaded debug logging properties file: /wm/nwo/g7cwpa30/config/properties/logger.properties
OS Name is SunOS
Closing Oracle Database 19c Enterprise Edition Release 19.0.0.0.0 - Production 155.77.185.12:1521/G6CWMSP1
Debug Line 371   |	Database connection closed

Notes from /wm/wmsoft/cwms/v3.2.2.210430/bin/cwmsClasspath
	jars will be overridden by file /wm/wmsoft/cwms/v3.2.2.210430/classes/wcds/dbi/client/RmiDbiWrapper.class
	jars will be overridden by file /wm/wmsoft/cwms/v3.2.2.210430/classes/wcds/dbi/oracle/cwms/CwmsTimeSeriesDaoImpl$1.class
	jars will be overridden by file /wm/wmsoft/cwms/v3.2.2.210430/classes/wcds/dbi/oracle/cwms/CwmsTimeSeriesDaoImpl$ElevationList.class
	jars will be overridden by file /wm/wmsoft/cwms/v3.2.2.210430/classes/wcds/dbi/oracle/cwms/CwmsTimeSeriesDaoImpl.class

Sep 29, 2021 8:12:40 AM hec.data.DatabaseParameterLoader getBufferedReader
INFO: Reading paramater resource file from classpath: config/db/definitions/db_parameters_units.def
Sep 29, 2021 8:12:40 AM hec.data.DatabaseParameterLoader getBufferedReader
INFO: Reading paramater resource file from classpath: config/db/definitions/db_parameters_units.def
Sep 29, 2021 8:12:40 AM hec.data.DatabaseParameterLoader getBufferedReader
INFO: Reading paramater resource file from classpath: config/db/definitions/db_parameters_units.def
Sep 29, 2021 8:12:40 AM hec.data.ResourceFileParameterLoader getBufferedReader
INFO: Reading parameter resource file from file system: {}
Sep 29, 2021 8:12:40 AM hec.data.ResourceFileParameterLoader validate
WARNING: Error reading parameter resource file input stream
java.io.FileNotFoundException: /wm/nwo/g7cwpa30/config/db/definitions/parameters_units.def (No such file or directory)
	at java.io.FileInputStream.open0(Native Method)
	at java.io.FileInputStream.open(FileInputStream.java:195)
	at java.io.FileInputStream.<init>(FileInputStream.java:138)
	at java.io.FileInputStream.<init>(FileInputStream.java:93)
	at java.io.FileReader.<init>(FileReader.java:58)
	at hec.data.ResourceFileParameterLoader.getBufferedReader(ResourceFileParameterLoader.java:107)
	at hec.data.ResourceFileParameterLoader.validate(ResourceFileParameterLoader.java:130)
	at hec.data.ParameterLookup.loadParameters(ParameterLookup.java:67)
	at hec.data.Parameter.lookupLoadParameters(Parameter.java:1025)
	at hec.data.Parameter.loadParameters(Parameter.java:1135)
	at hec.data.Parameter.<clinit>(Parameter.java:238)
	at java.lang.Class.forName0(Native Method)
	at java.lang.Class.forName(Class.java:348)
	at org.python.core.Py.loadAndInitClass(Py.java:991)
	at org.python.core.Py.findClassInternal(Py.java:926)
	at org.python.core.Py.findClassEx(Py.java:977)
	at org.python.core.packagecache.SysPackageManager.findClass(SysPackageManager.java:133)
	at org.python.core.packagecache.PackageManager.findClass(PackageManager.java:33)
	at org.python.core.packagecache.SysPackageManager.findClass(SysPackageManager.java:122)
	at org.python.core.PyJavaPackage.__findattr_ex__(PyJavaPackage.java:134)
	at org.python.core.PyObject.__findattr__(PyObject.java:946)
	at org.python.core.imp.importFromAs(imp.java:1160)
	at org.python.core.imp.importFrom(imp.java:1132)
	at DBAPI$py.f$0(__pyclasspath__/DBAPI.py:2825)
	at DBAPI$py.call_function(__pyclasspath__/DBAPI.py)
	at org.python.core.PyTableCode.call(PyTableCode.java:167)
	at org.python.core.PyCode.call(PyCode.java:18)
	at org.python.core.imp.createFromCode(imp.java:436)
	at org.python.core.util.importer.importer_load_module(importer.java:109)
	at org.python.core.ClasspathPyImporter.ClasspathPyImporter_load_module(ClasspathPyImporter.java:64)
	at org.python.core.ClasspathPyImporter$ClasspathPyImporter_load_module_exposer.__call__(Unknown Source)
	at org.python.core.PyBuiltinMethodNarrow.__call__(PyBuiltinMethodNarrow.java:46)
	at org.python.core.imp.loadFromLoader(imp.java:587)
	at org.python.core.imp.find_module(imp.java:537)
	at org.python.core.imp.import_next(imp.java:840)
	at org.python.core.imp.import_module_level(imp.java:959)
	at org.python.core.imp.importName(imp.java:1062)
	at org.python.core.ImportFunction.__call__(__builtin__.java:1280)
	at org.python.core.PyObject.__call__(PyObject.java:431)
	at org.python.core.__builtin__.__import__(__builtin__.java:1232)
	at org.python.core.imp.importOne(imp.java:1081)
	at org.python.pycode._pyx0.f$0(River_NwdmStageFlow_Plots.py:828)
	at org.python.pycode._pyx0.call_function(River_NwdmStageFlow_Plots.py)
	at org.python.core.PyTableCode.call(PyTableCode.java:167)
	at org.python.core.PyCode.call(PyCode.java:18)
	at org.python.core.Py.runCode(Py.java:1386)
	at org.python.util.PythonInterpreter.execfile(PythonInterpreter.java:296)
	at org.python.util.jython.run(jython.java:362)
	at org.python.util.jython.main(jython.java:142)

OsName =  sunos
CronjobsDirectory =  /wm/nwo/g7cwpa30/cronjobs/ 	Script Directory =  /wm/nwo/g7cwpa30/cronjobs/Plots/ 	Image Directory =  /wm/nwo/g7cwpa30/cronjobs/Plots/Images/NWD/
readFile: reading /wm/nwo/g7cwpa30/config/properties/dbi.conf
Sep 29, 2021 8:12:45 AM usace.cwms.db.jooq.util.ConnectionPersistenceManager <init>
INFO: Connection persistence disabled. To enable set system property cwms.connection.persist=true
Connected to Oracle Database 19c Enterprise Edition Release 19.0.0.0.0 - Production 155.77.185.12:1521/G6CWMSP1 as user G7CWPA30, office NWDM, via CWMS_PRODUCTION_ACCOUNT
Loaded debug logging properties file: /wm/nwo/g7cwpa30/config/properties/logger.properties
OS Name is SunOS
Traceback (most recent call last):
  File "River_NwdmStageFlow_Plots.py", line 763, in <module>
    FlowTsc = createBlankTimeSeries(debug, '%s.Flow.Inst.1Hour.0.No Available Data' % location, 'cfs')
TypeError: createBlankTimeSeries() takes exactly 5 arguments (3 given)
Debug Line 806   |	Could not create BACO plot
Traceback (most recent call last):
  File "River_NwdmStageFlow_Plots.py", line 763, in <module>
    FlowTsc = createBlankTimeSeries(debug, '%s.Flow.Inst.1Hour.0.No Available Data' % location, 'cfs')
TypeError: createBlankTimeSeries() takes exactly 5 arguments (3 given)
Traceback (most recent call last):
  File "River_NwdmStageFlow_Plots.py", line 763, in <module>
    FlowTsc = createBlankTimeSeries(debug, '%s.Flow.Inst.1Hour.0.No Available Data' % location, 'cfs')
TypeError: createBlankTimeSeries() takes exactly 5 arguments (3 given)
Debug Line 806   |	Could not create BZCO plot
Traceback (most recent call last):
  File "River_NwdmStageFlow_Plots.py", line 763, in <module>
    FlowTsc = createBlankTimeSeries(debug, '%s.Flow.Inst.1Hour.0.No Available Data' % location, 'cfs')
TypeError: createBlankTimeSeries() takes exactly 5 arguments (3 given)
Traceback (most recent call last):
  File "River_NwdmStageFlow_Plots.py", line 763, in <module>
    FlowTsc = createBlankTimeSeries(debug, '%s.Flow.Inst.1Hour.0.No Available Data' % location, 'cfs')
TypeError: createBlankTimeSeries() takes exactly 5 arguments (3 given)
Debug Line 806   |	Could not create CECL plot
Traceback (most recent call last):
  File "River_NwdmStageFlow_Plots.py", line 763, in <module>
    FlowTsc = createBlankTimeSeries(debug, '%s.Flow.Inst.1Hour.0.No Available Data' % location, 'cfs')
TypeError: createBlankTimeSeries() takes exactly 5 arguments (3 given)
Traceback (most recent call last):
  File "River_NwdmStageFlow_Plots.py", line 763, in <module>
    FlowTsc = createBlankTimeSeries(debug, '%s.Flow.Inst.1Hour.0.No Available Data' % location, 'cfs')
TypeError: createBlankTimeSeries() takes exactly 5 arguments (3 given)
Debug Line 806   |	Could not create DECL plot
Traceback (most recent call last):
  File "River_NwdmStageFlow_Plots.py", line 763, in <module>
    FlowTsc = createBlankTimeSeries(debug, '%s.Flow.Inst.1Hour.0.No Available Data' % location, 'cfs')
TypeError: createBlankTimeSeries() takes exactly 5 arguments (3 given)
Traceback (most recent call last):
  File "River_NwdmStageFlow_Plots.py", line 763, in <module>
    FlowTsc = createBlankTimeSeries(debug, '%s.Flow.Inst.1Hour.0.No Available Data' % location, 'cfs')
TypeError: createBlankTimeSeries() takes exactly 5 arguments (3 given)
Debug Line 806   |	Could not create DEN plot
Traceback (most recent call last):
  File "River_NwdmStageFlow_Plots.py", line 763, in <module>
    FlowTsc = createBlankTimeSeries(debug, '%s.Flow.Inst.1Hour.0.No Available Data' % location, 'cfs')
TypeError: createBlankTimeSeries() takes exactly 5 arguments (3 given)
Traceback (most recent call last):
  File "River_NwdmStageFlow_Plots.py", line 763, in <module>
    FlowTsc = createBlankTimeSeries(debug, '%s.Flow.Inst.1Hour.0.No Available Data' % location, 'cfs')
TypeError: createBlankTimeSeries() takes exactly 5 arguments (3 given)
Debug Line 806   |	Could not create GRCL plot
Traceback (most recent call last):
  File "River_NwdmStageFlow_Plots.py", line 763, in <module>
    FlowTsc = createBlankTimeSeries(debug, '%s.Flow.Inst.1Hour.0.No Available Data' % location, 'cfs')
TypeError: createBlankTimeSeries() takes exactly 5 arguments (3 given)
Traceback (most recent call last):
  File "River_NwdmStageFlow_Plots.py", line 763, in <module>
    FlowTsc = createBlankTimeSeries(debug, '%s.Flow.Inst.1Hour.0.No Available Data' % location, 'cfs')
TypeError: createBlankTimeSeries() takes exactly 5 arguments (3 given)
Debug Line 806   |	Could not create GYCL plot
Traceback (most recent call last):
  File "River_NwdmStageFlow_Plots.py", line 763, in <module>
    FlowTsc = createBlankTimeSeries(debug, '%s.Flow.Inst.1Hour.0.No Available Data' % location, 'cfs')
TypeError: createBlankTimeSeries() takes exactly 5 arguments (3 given)
Traceback (most recent call last):
  File "River_NwdmStageFlow_Plots.py", line 763, in <module>
    FlowTsc = createBlankTimeSeries(debug, '%s.Flow.Inst.1Hour.0.No Available Data' % location, 'cfs')
TypeError: createBlankTimeSeries() takes exactly 5 arguments (3 given)
Debug Line 806   |	Could not create HNCL plot
Traceback (most recent call last):
  File "River_NwdmStageFlow_Plots.py", line 763, in <module>
    FlowTsc = createBlankTimeSeries(debug, '%s.Flow.Inst.1Hour.0.No Available Data' % location, 'cfs')
TypeError: createBlankTimeSeries() takes exactly 5 arguments (3 given)
Traceback (most recent call last):
  File "River_NwdmStageFlow_Plots.py", line 763, in <module>
    FlowTsc = createBlankTimeSeries(debug, '%s.Flow.Inst.1Hour.0.No Available Data' % location, 'cfs')
TypeError: createBlankTimeSeries() takes exactly 5 arguments (3 given)
Debug Line 806   |	Could not create JMCO plot
Traceback (most recent call last):
  File "River_NwdmStageFlow_Plots.py", line 763, in <module>
    FlowTsc = createBlankTimeSeries(debug, '%s.Flow.Inst.1Hour.0.No Available Data' % location, 'cfs')
TypeError: createBlankTimeSeries() takes exactly 5 arguments (3 given)
Traceback (most recent call last):
  File "River_NwdmStageFlow_Plots.py", line 763, in <module>
    FlowTsc = createBlankTimeSeries(debug, '%s.Flow.Inst.1Hour.0.No Available Data' % location, 'cfs')
TypeError: createBlankTimeSeries() takes exactly 5 arguments (3 given)
Debug Line 806   |	Could not create JRCO plot
Traceback (most recent call last):
  File "River_NwdmStageFlow_Plots.py", line 763, in <module>
    FlowTsc = createBlankTimeSeries(debug, '%s.Flow.Inst.1Hour.0.No Available Data' % location, 'cfs')
TypeError: createBlankTimeSeries() takes exactly 5 arguments (3 given)
Traceback (most recent call last):
  File "River_NwdmStageFlow_Plots.py", line 763, in <module>
    FlowTsc = createBlankTimeSeries(debug, '%s.Flow.Inst.1Hour.0.No Available Data' % location, 'cfs')
TypeError: createBlankTimeSeries() takes exactly 5 arguments (3 given)
Debug Line 806   |	Could not create KECL plot
Traceback (most recent call last):
  File "River_NwdmStageFlow_Plots.py", line 763, in <module>
    FlowTsc = createBlankTimeSeries(debug, '%s.Flow.Inst.1Hour.0.No Available Data' % location, 'cfs')
TypeError: createBlankTimeSeries() takes exactly 5 arguments (3 given)
Traceback (most recent call last):
  File "River_NwdmStageFlow_Plots.py", line 763, in <module>
    FlowTsc = createBlankTimeSeries(debug, '%s.Flow.Inst.1Hour.0.No Available Data' % location, 'cfs')
TypeError: createBlankTimeSeries() takes exactly 5 arguments (3 given)
Debug Line 806   |	Could not create LACL plot
Traceback (most recent call last):
  File "River_NwdmStageFlow_Plots.py", line 763, in <module>
    FlowTsc = createBlankTimeSeries(debug, '%s.Flow.Inst.1Hour.0.No Available Data' % location, 'cfs')
TypeError: createBlankTimeSeries() takes exactly 5 arguments (3 given)
Traceback (most recent call last):
  File "River_NwdmStageFlow_Plots.py", line 763, in <module>
    FlowTsc = createBlankTimeSeries(debug, '%s.Flow.Inst.1Hour.0.No Available Data' % location, 'cfs')
TypeError: createBlankTimeSeries() takes exactly 5 arguments (3 given)
Debug Line 806   |	Could not create PTCL plot
Traceback (most recent call last):
  File "River_NwdmStageFlow_Plots.py", line 763, in <module>
    FlowTsc = createBlankTimeSeries(debug, '%s.Flow.Inst.1Hour.0.No Available Data' % location, 'cfs')
TypeError: createBlankTimeSeries() takes exactly 5 arguments (3 given)
Traceback (most recent call last):
  File "River_NwdmStageFlow_Plots.py", line 763, in <module>
    FlowTsc = createBlankTimeSeries(debug, '%s.Flow.Inst.1Hour.0.No Available Data' % location, 'cfs')
TypeError: createBlankTimeSeries() takes exactly 5 arguments (3 given)
Debug Line 806   |	Could not create RTCL plot
Traceback (most recent call last):
  File "River_NwdmStageFlow_Plots.py", line 763, in <module>
    FlowTsc = createBlankTimeSeries(debug, '%s.Flow.Inst.1Hour.0.No Available Data' % location, 'cfs')
TypeError: createBlankTimeSeries() takes exactly 5 arguments (3 given)
Traceback (most recent call last):
  File "River_NwdmStageFlow_Plots.py", line 763, in <module>
    FlowTsc = createBlankTimeSeries(debug, '%s.Flow.Inst.1Hour.0.No Available Data' % location, 'cfs')
TypeError: createBlankTimeSeries() takes exactly 5 arguments (3 given)
Debug Line 806   |	Could not create SMCL plot
Traceback (most recent call last):
  File "River_NwdmStageFlow_Plots.py", line 763, in <module>
    FlowTsc = createBlankTimeSeries(debug, '%s.Flow.Inst.1Hour.0.No Available Data' % location, 'cfs')
TypeError: createBlankTimeSeries() takes exactly 5 arguments (3 given)
Traceback (most recent call last):
  File "River_NwdmStageFlow_Plots.py", line 763, in <module>
    FlowTsc = createBlankTimeSeries(debug, '%s.Flow.Inst.1Hour.0.No Available Data' % location, 'cfs')
TypeError: createBlankTimeSeries() takes exactly 5 arguments (3 given)
Debug Line 806   |	Could not create SRCL plot
Traceback (most recent call last):
  File "River_NwdmStageFlow_Plots.py", line 763, in <module>
    FlowTsc = createBlankTimeSeries(debug, '%s.Flow.Inst.1Hour.0.No Available Data' % location, 'cfs')
TypeError: createBlankTimeSeries() takes exactly 5 arguments (3 given)
Traceback (most recent call last):
  File "River_NwdmStageFlow_Plots.py", line 763, in <module>
    FlowTsc = createBlankTimeSeries(debug, '%s.Flow.Inst.1Hour.0.No Available Data' % location, 'cfs')
TypeError: createBlankTimeSeries() takes exactly 5 arguments (3 given)
Debug Line 806   |	Could not create WECL plot
Traceback (most recent call last):
  File "River_NwdmStageFlow_Plots.py", line 763, in <module>
    FlowTsc = createBlankTimeSeries(debug, '%s.Flow.Inst.1Hour.0.No Available Data' % location, 'cfs')
TypeError: createBlankTimeSeries() takes exactly 5 arguments (3 given)
Traceback (most recent call last):
  File "River_NwdmStageFlow_Plots.py", line 763, in <module>
    FlowTsc = createBlankTimeSeries(debug, '%s.Flow.Inst.1Hour.0.No Available Data' % location, 'cfs')
TypeError: createBlankTimeSeries() takes exactly 5 arguments (3 given)
Debug Line 806   |	Could not create WTCO plot
Traceback (most recent call last):
  File "River_NwdmStageFlow_Plots.py", line 763, in <module>
    FlowTsc = createBlankTimeSeries(debug, '%s.Flow.Inst.1Hour.0.No Available Data' % location, 'cfs')
TypeError: createBlankTimeSeries() takes exactly 5 arguments (3 given)
Traceback (most recent call last):
  File "River_NwdmStageFlow_Plots.py", line 763, in <module>
    FlowTsc = createBlankTimeSeries(debug, '%s.Flow.Inst.1Hour.0.No Available Data' % location, 'cfs')
TypeError: createBlankTimeSeries() takes exactly 5 arguments (3 given)
Debug Line 806   |	Could not create ACHK plot
Traceback (most recent call last):
  File "River_NwdmStageFlow_Plots.py", line 763, in <module>
    FlowTsc = createBlankTimeSeries(debug, '%s.Flow.Inst.1Hour.0.No Available Data' % location, 'cfs')
TypeError: createBlankTimeSeries() takes exactly 5 arguments (3 given)
Traceback (most recent call last):
  File "River_NwdmStageFlow_Plots.py", line 763, in <module>
    FlowTsc = createBlankTimeSeries(debug, '%s.Flow.Inst.1Hour.0.No Available Data' % location, 'cfs')
TypeError: createBlankTimeSeries() takes exactly 5 arguments (3 given)
Debug Line 806   |	Could not create MAMO plot
Traceback (most recent call last):
  File "River_NwdmStageFlow_Plots.py", line 763, in <module>
    FlowTsc = createBlankTimeSeries(debug, '%s.Flow.Inst.1Hour.0.No Available Data' % location, 'cfs')
TypeError: createBlankTimeSeries() takes exactly 5 arguments (3 given)
Traceback (most recent call last):
  File "River_NwdmStageFlow_Plots.py", line 763, in <module>
    FlowTsc = createBlankTimeSeries(debug, '%s.Flow.Inst.1Hour.0.No Available Data' % location, 'cfs')
TypeError: createBlankTimeSeries() takes exactly 5 arguments (3 given)
Debug Line 806   |	Could not create QUKS plot
Traceback (most recent call last):
  File "River_NwdmStageFlow_Plots.py", line 763, in <module>
    FlowTsc = createBlankTimeSeries(debug, '%s.Flow.Inst.1Hour.0.No Available Data' % location, 'cfs')
TypeError: createBlankTimeSeries() takes exactly 5 arguments (3 given)
Traceback (most recent call last):
  File "River_NwdmStageFlow_Plots.py", line 763, in <module>
    FlowTsc = createBlankTimeSeries(debug, '%s.Flow.Inst.1Hour.0.No Available Data' % location, 'cfs')
TypeError: createBlankTimeSeries() takes exactly 5 arguments (3 given)
Debug Line 806   |	Could not create WAAK plot
Traceback (most recent call last):
  File "River_NwdmStageFlow_Plots.py", line 763, in <module>
    FlowTsc = createBlankTimeSeries(debug, '%s.Flow.Inst.1Hour.0.No Available Data' % location, 'cfs')
TypeError: createBlankTimeSeries() takes exactly 5 arguments (3 given)
Closing Oracle Database 19c Enterprise Edition Release 19.0.0.0.0 - Production 155.77.185.12:1521/G6CWMSP1
Debug Line 823   |	Database connection closed
Sep 29, 2021 8:14:07 AM usace.cwms.db.jooq.util.ConnectionPoolUcp shutdownHook_aroundBody2
INFO: Closing all database connections before exiting.

Notes from /wm/wmsoft/cwms/v3.2.2.210430/bin/cwmsClasspath
	jars will be overridden by file /wm/wmsoft/cwms/v3.2.2.210430/classes/wcds/dbi/client/RmiDbiWrapper.class
	jars will be overridden by file /wm/wmsoft/cwms/v3.2.2.210430/classes/wcds/dbi/oracle/cwms/CwmsTimeSeriesDaoImpl$1.class
	jars will be overridden by file /wm/wmsoft/cwms/v3.2.2.210430/classes/wcds/dbi/oracle/cwms/CwmsTimeSeriesDaoImpl$ElevationList.class
	jars will be overridden by file /wm/wmsoft/cwms/v3.2.2.210430/classes/wcds/dbi/oracle/cwms/CwmsTimeSeriesDaoImpl.class

Sep 29, 2021 8:14:14 AM hec.data.DatabaseParameterLoader getBufferedReader
INFO: Reading paramater resource file from classpath: config/db/definitions/db_parameters_units.def
Sep 29, 2021 8:14:14 AM hec.data.DatabaseParameterLoader getBufferedReader
INFO: Reading paramater resource file from classpath: config/db/definitions/db_parameters_units.def
Sep 29, 2021 8:14:14 AM hec.data.DatabaseParameterLoader getBufferedReader
INFO: Reading paramater resource file from classpath: config/db/definitions/db_parameters_units.def
Sep 29, 2021 8:14:14 AM hec.data.ResourceFileParameterLoader getBufferedReader
INFO: Reading parameter resource file from file system: {}
Sep 29, 2021 8:14:14 AM hec.data.ResourceFileParameterLoader validate
WARNING: Error reading parameter resource file input stream
java.io.FileNotFoundException: /wm/nwo/g7cwpa30/config/db/definitions/parameters_units.def (No such file or directory)
	at java.io.FileInputStream.open0(Native Method)
	at java.io.FileInputStream.open(FileInputStream.java:195)
	at java.io.FileInputStream.<init>(FileInputStream.java:138)
	at java.io.FileInputStream.<init>(FileInputStream.java:93)
	at java.io.FileReader.<init>(FileReader.java:58)
	at hec.data.ResourceFileParameterLoader.getBufferedReader(ResourceFileParameterLoader.java:107)
	at hec.data.ResourceFileParameterLoader.validate(ResourceFileParameterLoader.java:130)
	at hec.data.ParameterLookup.loadParameters(ParameterLookup.java:67)
	at hec.data.Parameter.lookupLoadParameters(Parameter.java:1025)
	at hec.data.Parameter.loadParameters(Parameter.java:1135)
	at hec.data.Parameter.<clinit>(Parameter.java:238)
	at java.lang.Class.forName0(Native Method)
	at java.lang.Class.forName(Class.java:348)
	at org.python.core.Py.loadAndInitClass(Py.java:991)
	at org.python.core.Py.findClassInternal(Py.java:926)
	at org.python.core.Py.findClassEx(Py.java:977)
	at org.python.core.packagecache.SysPackageManager.findClass(SysPackageManager.java:133)
	at org.python.core.packagecache.PackageManager.findClass(PackageManager.java:33)
	at org.python.core.packagecache.SysPackageManager.findClass(SysPackageManager.java:122)
	at org.python.core.PyJavaPackage.__findattr_ex__(PyJavaPackage.java:134)
	at org.python.core.PyObject.__findattr__(PyObject.java:946)
	at org.python.core.imp.importFromAs(imp.java:1160)
	at org.python.core.imp.importFrom(imp.java:1132)
	at DBAPI$py.f$0(__pyclasspath__/DBAPI.py:2825)
	at DBAPI$py.call_function(__pyclasspath__/DBAPI.py)
	at org.python.core.PyTableCode.call(PyTableCode.java:167)
	at org.python.core.PyCode.call(PyCode.java:18)
	at org.python.core.imp.createFromCode(imp.java:436)
	at org.python.core.util.importer.importer_load_module(importer.java:109)
	at org.python.core.ClasspathPyImporter.ClasspathPyImporter_load_module(ClasspathPyImporter.java:64)
	at org.python.core.ClasspathPyImporter$ClasspathPyImporter_load_module_exposer.__call__(Unknown Source)
	at org.python.core.PyBuiltinMethodNarrow.__call__(PyBuiltinMethodNarrow.java:46)
	at org.python.core.imp.loadFromLoader(imp.java:587)
	at org.python.core.imp.find_module(imp.java:537)
	at org.python.core.imp.import_next(imp.java:840)
	at org.python.core.imp.import_module_level(imp.java:959)
	at org.python.core.imp.importName(imp.java:1062)
	at org.python.core.ImportFunction.__call__(__builtin__.java:1280)
	at org.python.core.PyObject.__call__(PyObject.java:431)
	at org.python.core.__builtin__.__import__(__builtin__.java:1232)
	at org.python.core.imp.importOne(imp.java:1081)
	at org.python.pycode._pyx0.f$0(River_NwdmMoRivKanFlow_Plots.py:312)
	at org.python.pycode._pyx0.call_function(River_NwdmMoRivKanFlow_Plots.py)
	at org.python.core.PyTableCode.call(PyTableCode.java:167)
	at org.python.core.PyCode.call(PyCode.java:18)
	at org.python.core.Py.runCode(Py.java:1386)
	at org.python.util.PythonInterpreter.execfile(PythonInterpreter.java:296)
	at org.python.util.jython.run(jython.java:362)
	at org.python.util.jython.main(jython.java:142)

OsName =  sunos
CronjobsDirectory =  /wm/nwo/g7cwpa30/cronjobs/ 	Script Directory =  /wm/nwo/g7cwpa30/cronjobs/Plots/ 	Image Directory =  /wm/nwo/g7cwpa30/cronjobs/Plots/Images/NWD/
readFile: reading /wm/nwo/g7cwpa30/config/properties/dbi.conf
Sep 29, 2021 8:14:19 AM usace.cwms.db.jooq.util.ConnectionPersistenceManager <init>
INFO: Connection persistence disabled. To enable set system property cwms.connection.persist=true
Connected to Oracle Database 19c Enterprise Edition Release 19.0.0.0.0 - Production 155.77.185.12:1521/G6CWMSP1 as user G7CWPA30, office NWDM, via CWMS_PRODUCTION_ACCOUNT
Loaded debug logging properties file: /wm/nwo/g7cwpa30/config/properties/logger.properties
OS Name is SunOS
Closing Oracle Database 19c Enterprise Edition Release 19.0.0.0.0 - Production 155.77.185.12:1521/G6CWMSP1
Debug Line 307   |	Database connection closed
Sep 29, 2021 8:14:36 AM usace.cwms.db.jooq.util.ConnectionPoolUcp shutdownHook_aroundBody2
INFO: Closing all database connections before exiting.

Notes from /wm/wmsoft/cwms/v3.2.2.210430/bin/cwmsClasspath
	jars will be overridden by file /wm/wmsoft/cwms/v3.2.2.210430/classes/wcds/dbi/client/RmiDbiWrapper.class
	jars will be overridden by file /wm/wmsoft/cwms/v3.2.2.210430/classes/wcds/dbi/oracle/cwms/CwmsTimeSeriesDaoImpl$1.class
	jars will be overridden by file /wm/wmsoft/cwms/v3.2.2.210430/classes/wcds/dbi/oracle/cwms/CwmsTimeSeriesDaoImpl$ElevationList.class
	jars will be overridden by file /wm/wmsoft/cwms/v3.2.2.210430/classes/wcds/dbi/oracle/cwms/CwmsTimeSeriesDaoImpl.class

Sep 29, 2021 8:14:42 AM hec.data.DatabaseParameterLoader getBufferedReader
INFO: Reading paramater resource file from classpath: config/db/definitions/db_parameters_units.def
Sep 29, 2021 8:14:42 AM hec.data.DatabaseParameterLoader getBufferedReader
INFO: Reading paramater resource file from classpath: config/db/definitions/db_parameters_units.def
Sep 29, 2021 8:14:42 AM hec.data.DatabaseParameterLoader getBufferedReader
INFO: Reading paramater resource file from classpath: config/db/definitions/db_parameters_units.def
Sep 29, 2021 8:14:42 AM hec.data.ResourceFileParameterLoader getBufferedReader
INFO: Reading parameter resource file from file system: {}
Sep 29, 2021 8:14:42 AM hec.data.ResourceFileParameterLoader validate
WARNING: Error reading parameter resource file input stream
java.io.FileNotFoundException: /wm/nwo/g7cwpa30/config/db/definitions/parameters_units.def (No such file or directory)
	at java.io.FileInputStream.open0(Native Method)
	at java.io.FileInputStream.open(FileInputStream.java:195)
	at java.io.FileInputStream.<init>(FileInputStream.java:138)
	at java.io.FileInputStream.<init>(FileInputStream.java:93)
	at java.io.FileReader.<init>(FileReader.java:58)
	at hec.data.ResourceFileParameterLoader.getBufferedReader(ResourceFileParameterLoader.java:107)
	at hec.data.ResourceFileParameterLoader.validate(ResourceFileParameterLoader.java:130)
	at hec.data.ParameterLookup.loadParameters(ParameterLookup.java:67)
	at hec.data.Parameter.lookupLoadParameters(Parameter.java:1025)
	at hec.data.Parameter.loadParameters(Parameter.java:1135)
	at hec.data.Parameter.<clinit>(Parameter.java:238)
	at java.lang.Class.forName0(Native Method)
	at java.lang.Class.forName(Class.java:348)
	at org.python.core.Py.loadAndInitClass(Py.java:991)
	at org.python.core.Py.findClassInternal(Py.java:926)
	at org.python.core.Py.findClassEx(Py.java:977)
	at org.python.core.packagecache.SysPackageManager.findClass(SysPackageManager.java:133)
	at org.python.core.packagecache.PackageManager.findClass(PackageManager.java:33)
	at org.python.core.packagecache.SysPackageManager.findClass(SysPackageManager.java:122)
	at org.python.core.PyJavaPackage.__findattr_ex__(PyJavaPackage.java:134)
	at org.python.core.PyObject.__findattr__(PyObject.java:946)
	at org.python.core.imp.importFromAs(imp.java:1160)
	at org.python.core.imp.importFrom(imp.java:1132)
	at DBAPI$py.f$0(__pyclasspath__/DBAPI.py:2825)
	at DBAPI$py.call_function(__pyclasspath__/DBAPI.py)
	at org.python.core.PyTableCode.call(PyTableCode.java:167)
	at org.python.core.PyCode.call(PyCode.java:18)
	at org.python.core.imp.createFromCode(imp.java:436)
	at org.python.core.util.importer.importer_load_module(importer.java:109)
	at org.python.core.ClasspathPyImporter.ClasspathPyImporter_load_module(ClasspathPyImporter.java:64)
	at org.python.core.ClasspathPyImporter$ClasspathPyImporter_load_module_exposer.__call__(Unknown Source)
	at org.python.core.PyBuiltinMethodNarrow.__call__(PyBuiltinMethodNarrow.java:46)
	at org.python.core.imp.loadFromLoader(imp.java:587)
	at org.python.core.imp.find_module(imp.java:537)
	at org.python.core.imp.import_next(imp.java:840)
	at org.python.core.imp.import_module_level(imp.java:959)
	at org.python.core.imp.importName(imp.java:1062)
	at org.python.core.ImportFunction.__call__(__builtin__.java:1280)
	at org.python.core.PyObject.__call__(PyObject.java:431)
	at org.python.core.__builtin__.__import__(__builtin__.java:1232)
	at org.python.core.imp.importOne(imp.java:1081)
	at org.python.pycode._pyx0.f$0(Snowpack_NwdmSnotel_Plots.py:335)
	at org.python.pycode._pyx0.call_function(Snowpack_NwdmSnotel_Plots.py)
	at org.python.core.PyTableCode.call(PyTableCode.java:167)
	at org.python.core.PyCode.call(PyCode.java:18)
	at org.python.core.Py.runCode(Py.java:1386)
	at org.python.util.PythonInterpreter.execfile(PythonInterpreter.java:296)
	at org.python.util.jython.run(jython.java:362)
	at org.python.util.jython.main(jython.java:142)

OsName =  sunos
CronjobsDirectory =  /wm/nwo/g7cwpa30/cronjobs/ 	Script Directory =  /wm/nwo/g7cwpa30/cronjobs/Plots/ 	Image Directory =  /wm/nwo/g7cwpa30/cronjobs/Plots/Images/NWD/
readFile: reading /wm/nwo/g7cwpa30/config/properties/dbi.conf
Sep 29, 2021 8:14:47 AM usace.cwms.db.jooq.util.ConnectionPersistenceManager <init>
INFO: Connection persistence disabled. To enable set system property cwms.connection.persist=true
Connected to Oracle Database 19c Enterprise Edition Release 19.0.0.0.0 - Production 155.77.185.12:1521/G6CWMSP1 as user G7CWPA30, office NWDM, via CWMS_PRODUCTION_ACCOUNT
Loaded debug logging properties file: /wm/nwo/g7cwpa30/config/properties/logger.properties
OS Name is SunOS
Traceback (most recent call last):
  File "Snowpack_NwdmSnotel_Plots.py", line 237, in <module>
    PrevDepthSweHm = TimeSeriesMath(Tsc)
NameError: name 'TimeSeriesMath' is not defined
Debug Line 313   |	Could not create SJMU_Basin plot
Traceback (most recent call last):
  File "Snowpack_NwdmSnotel_Plots.py", line 237, in <module>
    PrevDepthSweHm = TimeSeriesMath(Tsc)
NameError: name 'TimeSeriesMath' is not defined
Closing Oracle Database 19c Enterprise Edition Release 19.0.0.0.0 - Production 155.77.185.12:1521/G6CWMSP1
Debug Line 330   |	Database connection closed
Sep 29, 2021 8:15:14 AM usace.cwms.db.jooq.util.ConnectionPoolUcp shutdownHook_aroundBody2
INFO: Closing all database connections before exiting.
Moving files to web server.
You are accessing a U.S. Government (USG) Information System (IS) that is provided for USG-authorized use only.

By using this IS (which includes any device attached to this IS), you consent to the following conditions:

-The USG routinely intercepts and monitors communications on this IS for purposes including, but not limited to, penetration testing, COMSEC monitoring, network operations and defense, personnel misconduct (PM), law enforcement (LE), and counterintelligence (CI) investigations.

-At any time, the USG may inspect and seize data stored on this IS.

-Communications using, or data stored on, this IS are not private, are subject to routine monitoring, interception, and search, and may be disclosed or used for any USG-authorized purpose.

-This IS includes security measures (e.g., authentication and access controls) to protect USG interests--not for your personal benefit or privacy.

-Notwithstanding the above, using this IS does not constitute consent to PM, LE or CI investigative searching or monitoring of the content of privileged communications, or work product, related to personal representation or services by attorneys, psychotherapists, or clergy, and their assistants. Such communications and work product are private and confidential. See User Agreement for details.
...
Finished NWDM Plots at: Wed Sep 29 08:17:02 CDT 2021
...
